[2014-05-26 19:00:32] UtilityCollectionTest::testCreateCollection.INFO: PASSED [] []
[2014-05-26 19:00:32] UtilityCollectionTest::testGetWhere.INFO: PASSED [] []
[2014-05-26 19:00:32] UtilityCollectionTest::testGetWhereIn.INFO: PASSED [] []
[2014-05-26 19:00:32] UtilityCollectionTest::testGetWhereBetween.INFO: PASSED [] []
[2014-05-26 19:00:33] UtilityCollectionTest::testGetWhereNull.ALERT: Failed asserting that actual size 0 matches expected size 1. [] []
[2014-05-26 19:00:33] UtilityCollectionTest::testGetWhereNull.INFO: # FAILED # [] []
[2014-05-26 19:00:33] UtilityCollectionTest::testGetWhereNull.INFO: PASSED [] []
[2014-05-26 19:00:47] UtilityCollectionTest::testCreateCollection.INFO: PASSED [] []
[2014-05-26 19:00:47] UtilityCollectionTest::testGetWhere.INFO: PASSED [] []
[2014-05-26 19:00:47] UtilityCollectionTest::testGetWhereIn.INFO: PASSED [] []
[2014-05-26 19:00:47] UtilityCollectionTest::testGetWhereBetween.INFO: PASSED [] []
[2014-05-26 19:00:47] UtilityCollectionTest::testGetWhereNull.ALERT: Failed asserting that actual size 0 matches expected size 1. [] []
[2014-05-26 19:00:47] UtilityCollectionTest::testGetWhereNull.INFO: # FAILED # [] []
[2014-05-26 19:00:47] UtilityCollectionTest::testGetWhereNull.INFO: PASSED [] []
[2014-05-26 19:01:16] UtilityCollectionTest::testCreateCollection.INFO: PASSED [] []
[2014-05-26 19:01:16] UtilityCollectionTest::testGetWhere.INFO: PASSED [] []
[2014-05-26 19:01:16] UtilityCollectionTest::testGetWhereIn.INFO: PASSED [] []
[2014-05-26 19:01:16] UtilityCollectionTest::testGetWhereBetween.INFO: PASSED [] []
[2014-05-26 19:01:16] UtilityCollectionTest::testGetWhereNull.ALERT: Failed asserting that actual size 4 matches expected size 1. [] []
[2014-05-26 19:01:16] UtilityCollectionTest::testGetWhereNull.INFO: # FAILED # [] []
[2014-05-26 19:01:16] UtilityCollectionTest::testGetWhereNull.INFO: PASSED [] []
[2014-05-26 19:01:44] UtilityCollectionTest::testCreateCollection.INFO: PASSED [] []
[2014-05-26 19:01:44] UtilityCollectionTest::testGetWhere.INFO: PASSED [] []
[2014-05-26 19:01:44] UtilityCollectionTest::testGetWhereIn.INFO: PASSED [] []
[2014-05-26 19:01:44] UtilityCollectionTest::testGetWhereBetween.INFO: PASSED [] []
[2014-05-26 19:01:44] UtilityCollectionTest::testGetWhereNull.ALERT: Failed asserting that actual size 4 matches expected size 1. [] []
[2014-05-26 19:01:44] UtilityCollectionTest::testGetWhereNull.INFO: # FAILED # [] []
[2014-05-26 19:01:44] UtilityCollectionTest::testGetWhereNull.INFO: PASSED [] []
[2014-05-26 19:02:35] UtilityCollectionTest::testCreateCollection.INFO: PASSED [] []
[2014-05-26 19:02:35] UtilityCollectionTest::testGetWhere.INFO: PASSED [] []
[2014-05-26 19:02:35] UtilityCollectionTest::testGetWhereIn.INFO: PASSED [] []
[2014-05-26 19:02:35] UtilityCollectionTest::testGetWhereBetween.INFO: PASSED [] []
[2014-05-26 19:02:47] UtilityCollectionTest::testCreateCollection.INFO: PASSED [] []
[2014-05-26 19:02:47] UtilityCollectionTest::testGetWhere.INFO: PASSED [] []
[2014-05-26 19:02:47] UtilityCollectionTest::testGetWhereIn.INFO: PASSED [] []
[2014-05-26 19:02:47] UtilityCollectionTest::testGetWhereBetween.INFO: PASSED [] []
[2014-05-26 19:02:48] UtilityCollectionTest::testGetWhereNull.ALERT: Failed asserting that actual size 0 matches expected size 1. [] []
[2014-05-26 19:02:48] UtilityCollectionTest::testGetWhereNull.INFO: # FAILED # [] []
[2014-05-26 19:02:48] UtilityCollectionTest::testGetWhereNull.INFO: PASSED [] []
[2014-05-26 19:03:02] UtilityCollectionTest::testCreateCollection.INFO: PASSED [] []
[2014-05-26 19:03:02] UtilityCollectionTest::testGetWhere.INFO: PASSED [] []
[2014-05-26 19:03:02] UtilityCollectionTest::testGetWhereIn.INFO: PASSED [] []
[2014-05-26 19:03:02] UtilityCollectionTest::testGetWhereBetween.INFO: PASSED [] []
[2014-05-26 19:03:02] UtilityCollectionTest::testGetWhereNull.ALERT: Failed asserting that actual size 4 matches expected size 1. [] []
[2014-05-26 19:03:02] UtilityCollectionTest::testGetWhereNull.INFO: # FAILED # [] []
[2014-05-26 19:03:02] UtilityCollectionTest::testGetWhereNull.INFO: PASSED [] []
[2014-05-26 19:03:23] UtilityCollectionTest::testCreateCollection.INFO: PASSED [] []
[2014-05-26 19:03:23] UtilityCollectionTest::testGetWhere.INFO: PASSED [] []
[2014-05-26 19:03:23] UtilityCollectionTest::testGetWhereIn.INFO: PASSED [] []
[2014-05-26 19:03:23] UtilityCollectionTest::testGetWhereBetween.INFO: PASSED [] []
[2014-05-26 19:03:23] UtilityCollectionTest::testGetWhereNull.ALERT: Failed asserting that actual size 4 matches expected size 1. [] []
[2014-05-26 19:03:23] UtilityCollectionTest::testGetWhereNull.INFO: # FAILED # [] []
[2014-05-26 19:03:23] UtilityCollectionTest::testGetWhereNull.INFO: PASSED [] []
[2014-05-26 19:03:34] UtilityCollectionTest::testCreateCollection.INFO: PASSED [] []
[2014-05-26 19:03:34] UtilityCollectionTest::testGetWhere.INFO: PASSED [] []
[2014-05-26 19:03:34] UtilityCollectionTest::testGetWhereIn.INFO: PASSED [] []
[2014-05-26 19:03:34] UtilityCollectionTest::testGetWhereBetween.INFO: PASSED [] []
[2014-05-26 19:03:40] UtilityCollectionTest::testCreateCollection.INFO: PASSED [] []
[2014-05-26 19:03:40] UtilityCollectionTest::testGetWhere.INFO: PASSED [] []
[2014-05-26 19:03:40] UtilityCollectionTest::testGetWhereIn.INFO: PASSED [] []
[2014-05-26 19:03:40] UtilityCollectionTest::testGetWhereBetween.INFO: PASSED [] []
[2014-05-26 19:03:40] UtilityCollectionTest::testGetWhereNull.ALERT: Failed asserting that actual size 0 matches expected size 1. [] []
[2014-05-26 19:03:40] UtilityCollectionTest::testGetWhereNull.INFO: # FAILED # [] []
[2014-05-26 19:03:40] UtilityCollectionTest::testGetWhereNull.INFO: PASSED [] []
[2014-05-26 19:06:08] UtilityCollectionTest::testCreateCollection.INFO: PASSED [] []
[2014-05-26 19:06:08] UtilityCollectionTest::testGetWhere.INFO: PASSED [] []
[2014-05-26 19:06:08] UtilityCollectionTest::testGetWhereIn.INFO: PASSED [] []
[2014-05-26 19:06:08] UtilityCollectionTest::testGetWhereBetween.INFO: PASSED [] []
[2014-05-26 19:06:08] UtilityCollectionTest::testGetWhereNull.ALERT: Failed asserting that actual size 0 matches expected size 1. [] []
[2014-05-26 19:06:08] UtilityCollectionTest::testGetWhereNull.INFO: # FAILED # [] []
[2014-05-26 19:06:08] UtilityCollectionTest::testGetWhereNull.INFO: PASSED [] []
[2014-05-26 19:06:09] UtilityCollectionTest::testCreateCollection.INFO: PASSED [] []
[2014-05-26 19:06:10] UtilityCollectionTest::testGetWhere.INFO: PASSED [] []
[2014-05-26 19:06:10] UtilityCollectionTest::testGetWhereIn.INFO: PASSED [] []
[2014-05-26 19:06:10] UtilityCollectionTest::testGetWhereBetween.INFO: PASSED [] []
[2014-05-26 19:06:10] UtilityCollectionTest::testGetWhereNull.ALERT: Failed asserting that actual size 0 matches expected size 1. [] []
[2014-05-26 19:06:10] UtilityCollectionTest::testGetWhereNull.INFO: # FAILED # [] []
[2014-05-26 19:06:10] UtilityCollectionTest::testGetWhereNull.INFO: PASSED [] []
[2014-05-26 19:06:41] UtilityCollectionTest::testCreateCollection.INFO: PASSED [] []
[2014-05-26 19:06:41] UtilityCollectionTest::testGetWhere.INFO: PASSED [] []
[2014-05-26 19:06:41] UtilityCollectionTest::testGetWhereIn.INFO: PASSED [] []
[2014-05-26 19:06:41] UtilityCollectionTest::testGetWhereBetween.INFO: PASSED [] []
[2014-05-26 19:06:41] UtilityCollectionTest::testGetWhereNull.ALERT: Failed asserting that actual size 0 matches expected size 1. [] []
[2014-05-26 19:06:41] UtilityCollectionTest::testGetWhereNull.INFO: # FAILED # [] []
[2014-05-26 19:06:41] UtilityCollectionTest::testGetWhereNull.INFO: PASSED [] []
[2014-05-26 19:06:43] UtilityCollectionTest::testCreateCollection.INFO: PASSED [] []
[2014-05-26 19:06:43] UtilityCollectionTest::testGetWhere.INFO: PASSED [] []
[2014-05-26 19:06:43] UtilityCollectionTest::testGetWhereIn.INFO: PASSED [] []
[2014-05-26 19:06:43] UtilityCollectionTest::testGetWhereBetween.INFO: PASSED [] []
[2014-05-26 19:06:43] UtilityCollectionTest::testGetWhereNull.ALERT: Failed asserting that actual size 0 matches expected size 1. [] []
[2014-05-26 19:06:43] UtilityCollectionTest::testGetWhereNull.INFO: # FAILED # [] []
[2014-05-26 19:06:43] UtilityCollectionTest::testGetWhereNull.INFO: PASSED [] []
[2014-05-26 19:07:46] UtilityCollectionTest::testCreateCollection.INFO: PASSED [] []
[2014-05-26 19:07:46] UtilityCollectionTest::testGetWhere.INFO: PASSED [] []
[2014-05-26 19:07:47] UtilityCollectionTest::testGetWhereIn.INFO: PASSED [] []
[2014-05-26 19:07:47] UtilityCollectionTest::testGetWhereBetween.INFO: PASSED [] []
[2014-05-26 19:07:47] UtilityCollectionTest::testGetWhereNull.ALERT: Failed asserting that actual size 0 matches expected size 1. [] []
[2014-05-26 19:07:47] UtilityCollectionTest::testGetWhereNull.INFO: # FAILED # [] []
[2014-05-26 19:07:47] UtilityCollectionTest::testGetWhereNull.INFO: PASSED [] []
[2014-05-26 19:10:05] UtilityCollectionTest::testCreateCollection.INFO: PASSED [] []
[2014-05-26 19:10:05] UtilityCollectionTest::testGetWhere.INFO: PASSED [] []
[2014-05-26 19:10:05] UtilityCollectionTest::testGetWhereIn.INFO: PASSED [] []
[2014-05-26 19:10:05] UtilityCollectionTest::testGetWhereBetween.INFO: PASSED [] []
[2014-05-26 19:10:16] UtilityCollectionTest::testCreateCollection.INFO: PASSED [] []
[2014-05-26 19:10:16] UtilityCollectionTest::testGetWhere.INFO: PASSED [] []
[2014-05-26 19:10:16] UtilityCollectionTest::testGetWhereIn.INFO: PASSED [] []
[2014-05-26 19:10:16] UtilityCollectionTest::testGetWhereBetween.INFO: PASSED [] []
[2014-05-26 19:10:51] UtilityCollectionTest::testCreateCollection.INFO: PASSED [] []
[2014-05-26 19:10:51] UtilityCollectionTest::testGetWhere.INFO: PASSED [] []
[2014-05-26 19:10:51] UtilityCollectionTest::testGetWhereIn.INFO: PASSED [] []
[2014-05-26 19:10:51] UtilityCollectionTest::testGetWhereBetween.INFO: PASSED [] []
[2014-05-26 19:11:12] UtilityCollectionTest::testCreateCollection.INFO: PASSED [] []
[2014-05-26 19:11:12] UtilityCollectionTest::testGetWhere.INFO: PASSED [] []
[2014-05-26 19:11:12] UtilityCollectionTest::testGetWhereIn.INFO: PASSED [] []
[2014-05-26 19:11:12] UtilityCollectionTest::testGetWhereBetween.INFO: PASSED [] []
[2014-05-26 19:11:12] UtilityCollectionTest::testGetWhereNull.INFO: # Incomplete # [] []
[2014-05-26 19:11:12] UtilityCollectionTest::testGetWhereNull.INFO: PASSED [] []
[2014-05-26 19:13:40] UtilityCollectionTest::testCreateCollection.INFO: PASSED [] []
[2014-05-26 19:13:40] UtilityCollectionTest::testGetWhere.INFO: PASSED [] []
[2014-05-26 19:13:40] UtilityCollectionTest::testGetWhereIn.INFO: PASSED [] []
[2014-05-26 19:13:40] UtilityCollectionTest::testGetWhereBetween.INFO: PASSED [] []
[2014-05-26 19:13:40] UtilityCollectionTest::testGetWhereNull.INFO: # Incomplete # [] []
[2014-05-26 19:13:40] UtilityCollectionTest::testGetWhereNull.INFO: PASSED [] []
[2014-05-26 19:13:40] UtilityCollectionTest::testGetWhereLike.INFO: PASSED [] []
[2014-05-26 19:14:39] UtilityCollectionTest::testCreateCollection.INFO: PASSED [] []
[2014-05-26 19:14:39] UtilityCollectionTest::testGetWhere.INFO: PASSED [] []
[2014-05-26 19:14:39] UtilityCollectionTest::testGetWhereIn.INFO: PASSED [] []
[2014-05-26 19:14:39] UtilityCollectionTest::testGetWhereBetween.INFO: PASSED [] []
[2014-05-26 19:14:39] UtilityCollectionTest::testGetWhereNull.INFO: # Incomplete # [] []
[2014-05-26 19:14:39] UtilityCollectionTest::testGetWhereNull.INFO: PASSED [] []
[2014-05-26 19:14:39] UtilityCollectionTest::testGetWhereLike.INFO: PASSED [] []
[2014-05-26 19:14:39] UtilityCollectionTest::testGetWhereNot.ALERT: Failed asserting that actual size 4 matches expected size 1. [] []
[2014-05-26 19:14:39] UtilityCollectionTest::testGetWhereNot.INFO: # FAILED # [] []
[2014-05-26 19:14:39] UtilityCollectionTest::testGetWhereNot.INFO: PASSED [] []
[2014-05-26 19:14:39] UtilityCollectionTest::testGetWhereInNot.INFO: PASSED [] []
[2014-05-26 19:14:39] UtilityCollectionTest::testGetWhereBetweenNot.ALERT: Failed asserting that actual size 0 matches expected size 3. [] []
[2014-05-26 19:14:39] UtilityCollectionTest::testGetWhereBetweenNot.INFO: # FAILED # [] []
[2014-05-26 19:14:39] UtilityCollectionTest::testGetWhereBetweenNot.INFO: PASSED [] []
[2014-05-26 19:14:39] UtilityCollectionTest::testGetWhereNullNot.INFO: # Incomplete # [] []
[2014-05-26 19:14:39] UtilityCollectionTest::testGetWhereNullNot.INFO: PASSED [] []
[2014-05-26 19:14:39] UtilityCollectionTest::testGetWhereLikeNot.ALERT: Failed asserting that actual size 4 matches expected size 1. [] []
[2014-05-26 19:14:39] UtilityCollectionTest::testGetWhereLikeNot.INFO: # FAILED # [] []
[2014-05-26 19:14:39] UtilityCollectionTest::testGetWhereLikeNot.INFO: PASSED [] []
[2014-05-26 19:16:01] UtilityCollectionTest::testCreateCollection.INFO: PASSED [] []
[2014-05-26 19:16:01] UtilityCollectionTest::testGetWhere.INFO: PASSED [] []
[2014-05-26 19:16:01] UtilityCollectionTest::testGetWhereIn.INFO: PASSED [] []
[2014-05-26 19:16:01] UtilityCollectionTest::testGetWhereBetween.INFO: PASSED [] []
[2014-05-26 19:16:01] UtilityCollectionTest::testGetWhereNull.INFO: # Incomplete # [] []
[2014-05-26 19:16:01] UtilityCollectionTest::testGetWhereNull.INFO: PASSED [] []
[2014-05-26 19:16:01] UtilityCollectionTest::testGetWhereLike.INFO: PASSED [] []
[2014-05-26 19:16:01] UtilityCollectionTest::testGetWhereNot.INFO: PASSED [] []
[2014-05-26 19:16:01] UtilityCollectionTest::testGetWhereInNot.ALERT: Failed asserting that actual size 2 matches expected size 3. [] []
[2014-05-26 19:16:01] UtilityCollectionTest::testGetWhereInNot.INFO: # FAILED # [] []
[2014-05-26 19:16:01] UtilityCollectionTest::testGetWhereInNot.INFO: PASSED [] []
[2014-05-26 19:16:01] UtilityCollectionTest::testGetWhereBetweenNot.ALERT: Failed asserting that actual size 0 matches expected size 2. [] []
[2014-05-26 19:16:01] UtilityCollectionTest::testGetWhereBetweenNot.INFO: # FAILED # [] []
[2014-05-26 19:16:01] UtilityCollectionTest::testGetWhereBetweenNot.INFO: PASSED [] []
[2014-05-26 19:16:01] UtilityCollectionTest::testGetWhereNullNot.INFO: # Incomplete # [] []
[2014-05-26 19:16:01] UtilityCollectionTest::testGetWhereNullNot.INFO: PASSED [] []
[2014-05-26 19:16:01] UtilityCollectionTest::testGetWhereLikeNot.INFO: PASSED [] []
[2014-05-26 19:16:37] UtilityCollectionTest::testCreateCollection.INFO: PASSED [] []
[2014-05-26 19:16:37] UtilityCollectionTest::testGetWhere.INFO: PASSED [] []
[2014-05-26 19:16:37] UtilityCollectionTest::testGetWhereIn.INFO: PASSED [] []
[2014-05-26 19:16:37] UtilityCollectionTest::testGetWhereBetween.INFO: PASSED [] []
[2014-05-26 19:16:37] UtilityCollectionTest::testGetWhereNull.INFO: # Incomplete # [] []
[2014-05-26 19:16:37] UtilityCollectionTest::testGetWhereNull.INFO: PASSED [] []
[2014-05-26 19:16:37] UtilityCollectionTest::testGetWhereLike.INFO: PASSED [] []
[2014-05-26 19:16:37] UtilityCollectionTest::testGetWhereNot.INFO: PASSED [] []
[2014-05-26 19:16:37] UtilityCollectionTest::testGetWhereNotIn.ALERT: Failed asserting that actual size 2 matches expected size 3. [] []
[2014-05-26 19:16:37] UtilityCollectionTest::testGetWhereNotIn.INFO: # FAILED # [] []
[2014-05-26 19:16:37] UtilityCollectionTest::testGetWhereNotIn.INFO: PASSED [] []
[2014-05-26 19:16:37] UtilityCollectionTest::testGetWhereNotBetween.ALERT: Failed asserting that actual size 0 matches expected size 2. [] []
[2014-05-26 19:16:37] UtilityCollectionTest::testGetWhereNotBetween.INFO: # FAILED # [] []
[2014-05-26 19:16:37] UtilityCollectionTest::testGetWhereNotBetween.INFO: PASSED [] []
[2014-05-26 19:16:37] UtilityCollectionTest::testGetWhereNotNull.INFO: # Incomplete # [] []
[2014-05-26 19:16:37] UtilityCollectionTest::testGetWhereNotNull.INFO: PASSED [] []
[2014-05-26 19:16:37] UtilityCollectionTest::testGetWhereNotLike.INFO: PASSED [] []
[2014-05-26 19:17:49] UtilityCollectionTest::testCreateCollection.INFO: PASSED [] []
[2014-05-26 19:17:49] UtilityCollectionTest::testGetWhere.INFO: PASSED [] []
[2014-05-26 19:17:49] UtilityCollectionTest::testGetWhereIn.INFO: PASSED [] []
[2014-05-26 19:17:50] UtilityCollectionTest::testGetWhereBetween.INFO: PASSED [] []
[2014-05-26 19:17:50] UtilityCollectionTest::testGetWhereNull.INFO: # Incomplete # [] []
[2014-05-26 19:17:50] UtilityCollectionTest::testGetWhereNull.INFO: PASSED [] []
[2014-05-26 19:17:50] UtilityCollectionTest::testGetWhereLike.INFO: PASSED [] []
[2014-05-26 19:17:50] UtilityCollectionTest::testGetWhereNot.INFO: PASSED [] []
[2014-05-26 19:17:50] UtilityCollectionTest::testGetWhereNotIn.ALERT: Failed asserting that actual size 2 matches expected size 3. [] []
[2014-05-26 19:17:50] UtilityCollectionTest::testGetWhereNotIn.INFO: # FAILED # [] []
[2014-05-26 19:17:50] UtilityCollectionTest::testGetWhereNotIn.INFO: PASSED [] []
[2014-05-26 19:17:50] UtilityCollectionTest::testGetWhereNotBetween.ALERT: Failed asserting that actual size 0 matches expected size 2. [] []
[2014-05-26 19:17:50] UtilityCollectionTest::testGetWhereNotBetween.INFO: # FAILED # [] []
[2014-05-26 19:17:50] UtilityCollectionTest::testGetWhereNotBetween.INFO: PASSED [] []
[2014-05-26 19:17:50] UtilityCollectionTest::testGetWhereNotNull.INFO: # Incomplete # [] []
[2014-05-26 19:17:50] UtilityCollectionTest::testGetWhereNotNull.INFO: PASSED [] []
[2014-05-26 19:17:50] UtilityCollectionTest::testGetWhereNotLike.INFO: PASSED [] []
[2014-05-26 19:19:00] UtilityCollectionTest::testCreateCollection.INFO: PASSED [] []
[2014-05-26 19:19:00] UtilityCollectionTest::testGetWhere.INFO: PASSED [] []
[2014-05-26 19:19:00] UtilityCollectionTest::testGetWhereIn.INFO: PASSED [] []
[2014-05-26 19:19:00] UtilityCollectionTest::testGetWhereBetween.INFO: PASSED [] []
[2014-05-26 19:19:00] UtilityCollectionTest::testGetWhereNull.INFO: # Incomplete # [] []
[2014-05-26 19:19:00] UtilityCollectionTest::testGetWhereNull.INFO: PASSED [] []
[2014-05-26 19:19:00] UtilityCollectionTest::testGetWhereLike.INFO: PASSED [] []
[2014-05-26 19:19:00] UtilityCollectionTest::testGetWhereNot.INFO: PASSED [] []
[2014-05-26 19:19:00] UtilityCollectionTest::testGetWhereNotIn.ALERT: Failed asserting that actual size 2 matches expected size 3. [] []
[2014-05-26 19:19:00] UtilityCollectionTest::testGetWhereNotIn.INFO: # FAILED # [] []
[2014-05-26 19:19:00] UtilityCollectionTest::testGetWhereNotIn.INFO: PASSED [] []
[2014-05-26 19:19:00] UtilityCollectionTest::testGetWhereNotBetween.ALERT: Failed asserting that actual size 0 matches expected size 2. [] []
[2014-05-26 19:19:00] UtilityCollectionTest::testGetWhereNotBetween.INFO: # FAILED # [] []
[2014-05-26 19:19:00] UtilityCollectionTest::testGetWhereNotBetween.INFO: PASSED [] []
[2014-05-26 19:19:00] UtilityCollectionTest::testGetWhereNotNull.INFO: # Incomplete # [] []
[2014-05-26 19:19:00] UtilityCollectionTest::testGetWhereNotNull.INFO: PASSED [] []
[2014-05-26 19:19:00] UtilityCollectionTest::testGetWhereNotLike.INFO: PASSED [] []
[2014-05-26 19:19:09] UtilityCollectionTest::testCreateCollection.INFO: PASSED [] []
[2014-05-26 19:19:09] UtilityCollectionTest::testGetWhere.INFO: PASSED [] []
[2014-05-26 19:19:09] UtilityCollectionTest::testGetWhereIn.INFO: PASSED [] []
[2014-05-26 19:19:09] UtilityCollectionTest::testGetWhereBetween.INFO: PASSED [] []
[2014-05-26 19:19:09] UtilityCollectionTest::testGetWhereNull.INFO: # Incomplete # [] []
[2014-05-26 19:19:09] UtilityCollectionTest::testGetWhereNull.INFO: PASSED [] []
[2014-05-26 19:19:09] UtilityCollectionTest::testGetWhereLike.INFO: PASSED [] []
[2014-05-26 19:19:09] UtilityCollectionTest::testGetWhereNot.INFO: PASSED [] []
[2014-05-26 19:19:09] UtilityCollectionTest::testGetWhereNotIn.ALERT: Failed asserting that actual size 2 matches expected size 3. [] []
[2014-05-26 19:19:09] UtilityCollectionTest::testGetWhereNotIn.INFO: # FAILED # [] []
[2014-05-26 19:19:09] UtilityCollectionTest::testGetWhereNotIn.INFO: PASSED [] []
[2014-05-26 19:19:09] UtilityCollectionTest::testGetWhereNotBetween.ALERT: Failed asserting that actual size 1 matches expected size 2. [] []
[2014-05-26 19:19:09] UtilityCollectionTest::testGetWhereNotBetween.INFO: # FAILED # [] []
[2014-05-26 19:19:09] UtilityCollectionTest::testGetWhereNotBetween.INFO: PASSED [] []
[2014-05-26 19:19:09] UtilityCollectionTest::testGetWhereNotNull.INFO: # Incomplete # [] []
[2014-05-26 19:19:09] UtilityCollectionTest::testGetWhereNotNull.INFO: PASSED [] []
[2014-05-26 19:19:09] UtilityCollectionTest::testGetWhereNotLike.INFO: PASSED [] []
[2014-05-26 19:19:26] UtilityCollectionTest::testCreateCollection.INFO: PASSED [] []
[2014-05-26 19:19:26] UtilityCollectionTest::testGetWhere.INFO: PASSED [] []
[2014-05-26 19:19:26] UtilityCollectionTest::testGetWhereIn.INFO: PASSED [] []
[2014-05-26 19:19:26] UtilityCollectionTest::testGetWhereBetween.INFO: PASSED [] []
[2014-05-26 19:19:26] UtilityCollectionTest::testGetWhereNull.INFO: # Incomplete # [] []
[2014-05-26 19:19:26] UtilityCollectionTest::testGetWhereNull.INFO: PASSED [] []
[2014-05-26 19:19:26] UtilityCollectionTest::testGetWhereLike.INFO: PASSED [] []
[2014-05-26 19:19:26] UtilityCollectionTest::testGetWhereNot.INFO: PASSED [] []
[2014-05-26 19:19:26] UtilityCollectionTest::testGetWhereNotIn.ALERT: Failed asserting that actual size 2 matches expected size 3. [] []
[2014-05-26 19:19:26] UtilityCollectionTest::testGetWhereNotIn.INFO: # FAILED # [] []
[2014-05-26 19:19:26] UtilityCollectionTest::testGetWhereNotIn.INFO: PASSED [] []
[2014-05-26 19:19:26] UtilityCollectionTest::testGetWhereNotBetween.ALERT: Failed asserting that actual size 0 matches expected size 2. [] []
[2014-05-26 19:19:26] UtilityCollectionTest::testGetWhereNotBetween.INFO: # FAILED # [] []
[2014-05-26 19:19:26] UtilityCollectionTest::testGetWhereNotBetween.INFO: PASSED [] []
[2014-05-26 19:19:26] UtilityCollectionTest::testGetWhereNotNull.INFO: # Incomplete # [] []
[2014-05-26 19:19:26] UtilityCollectionTest::testGetWhereNotNull.INFO: PASSED [] []
[2014-05-26 19:19:26] UtilityCollectionTest::testGetWhereNotLike.INFO: PASSED [] []
[2014-05-26 19:20:51] UtilityCollectionTest::testCreateCollection.INFO: PASSED [] []
[2014-05-26 19:20:51] UtilityCollectionTest::testGetWhere.INFO: PASSED [] []
[2014-05-26 19:20:51] UtilityCollectionTest::testGetWhereIn.INFO: PASSED [] []
[2014-05-26 19:20:51] UtilityCollectionTest::testGetWhereBetween.INFO: PASSED [] []
[2014-05-26 19:20:51] UtilityCollectionTest::testGetWhereNull.INFO: # Incomplete # [] []
[2014-05-26 19:20:51] UtilityCollectionTest::testGetWhereNull.INFO: PASSED [] []
[2014-05-26 19:20:51] UtilityCollectionTest::testGetWhereLike.INFO: PASSED [] []
[2014-05-26 19:20:51] UtilityCollectionTest::testGetWhereNot.INFO: PASSED [] []
[2014-05-26 19:20:51] UtilityCollectionTest::testGetWhereNotIn.ALERT: Failed asserting that actual size 2 matches expected size 3. [] []
[2014-05-26 19:20:51] UtilityCollectionTest::testGetWhereNotIn.INFO: # FAILED # [] []
[2014-05-26 19:20:51] UtilityCollectionTest::testGetWhereNotIn.INFO: PASSED [] []
[2014-05-26 19:20:51] UtilityCollectionTest::testGetWhereNotBetween.ALERT: Failed asserting that actual size 0 matches expected size 2. [] []
[2014-05-26 19:20:51] UtilityCollectionTest::testGetWhereNotBetween.INFO: # FAILED # [] []
[2014-05-26 19:20:51] UtilityCollectionTest::testGetWhereNotBetween.INFO: PASSED [] []
[2014-05-26 19:20:51] UtilityCollectionTest::testGetWhereNotNull.INFO: # Incomplete # [] []
[2014-05-26 19:20:51] UtilityCollectionTest::testGetWhereNotNull.INFO: PASSED [] []
[2014-05-26 19:20:52] UtilityCollectionTest::testGetWhereNotLike.INFO: PASSED [] []
[2014-05-26 19:22:28] UtilityCollectionTest::testCreateCollection.INFO: PASSED [] []
[2014-05-26 19:22:28] UtilityCollectionTest::testGetWhere.INFO: PASSED [] []
[2014-05-26 19:22:28] UtilityCollectionTest::testGetWhereIn.INFO: PASSED [] []
[2014-05-26 19:22:28] UtilityCollectionTest::testGetWhereBetween.INFO: PASSED [] []
[2014-05-26 19:22:28] UtilityCollectionTest::testGetWhereNull.INFO: # Incomplete # [] []
[2014-05-26 19:22:28] UtilityCollectionTest::testGetWhereNull.INFO: PASSED [] []
[2014-05-26 19:22:28] UtilityCollectionTest::testGetWhereLike.INFO: PASSED [] []
[2014-05-26 19:22:28] UtilityCollectionTest::testGetWhereNot.INFO: PASSED [] []
[2014-05-26 19:22:28] UtilityCollectionTest::testGetWhereNotIn.ALERT: Failed asserting that actual size 2 matches expected size 3. [] []
[2014-05-26 19:22:28] UtilityCollectionTest::testGetWhereNotIn.INFO: # FAILED # [] []
[2014-05-26 19:22:28] UtilityCollectionTest::testGetWhereNotIn.INFO: PASSED [] []
[2014-05-26 19:22:28] UtilityCollectionTest::testGetWhereNotBetween.ALERT: Failed asserting that actual size 0 matches expected size 2. [] []
[2014-05-26 19:22:28] UtilityCollectionTest::testGetWhereNotBetween.INFO: # FAILED # [] []
[2014-05-26 19:22:28] UtilityCollectionTest::testGetWhereNotBetween.INFO: PASSED [] []
[2014-05-26 19:22:29] UtilityCollectionTest::testGetWhereNotNull.INFO: # Incomplete # [] []
[2014-05-26 19:22:29] UtilityCollectionTest::testGetWhereNotNull.INFO: PASSED [] []
[2014-05-26 19:22:29] UtilityCollectionTest::testGetWhereNotLike.INFO: PASSED [] []
[2014-05-26 19:22:48] UtilityCollectionTest::testCreateCollection.INFO: PASSED [] []
[2014-05-26 19:22:48] UtilityCollectionTest::testGetWhere.INFO: PASSED [] []
[2014-05-26 19:22:48] UtilityCollectionTest::testGetWhereIn.INFO: PASSED [] []
[2014-05-26 19:22:48] UtilityCollectionTest::testGetWhereBetween.INFO: PASSED [] []
[2014-05-26 19:22:48] UtilityCollectionTest::testGetWhereNull.INFO: # Incomplete # [] []
[2014-05-26 19:22:48] UtilityCollectionTest::testGetWhereNull.INFO: PASSED [] []
[2014-05-26 19:22:48] UtilityCollectionTest::testGetWhereLike.INFO: PASSED [] []
[2014-05-26 19:22:48] UtilityCollectionTest::testGetWhereNot.INFO: PASSED [] []
[2014-05-26 19:22:48] UtilityCollectionTest::testGetWhereNotIn.INFO: PASSED [] []
[2014-05-26 19:22:48] UtilityCollectionTest::testGetWhereNotBetween.ALERT: Failed asserting that actual size 0 matches expected size 2. [] []
[2014-05-26 19:22:48] UtilityCollectionTest::testGetWhereNotBetween.INFO: # FAILED # [] []
[2014-05-26 19:22:48] UtilityCollectionTest::testGetWhereNotBetween.INFO: PASSED [] []
[2014-05-26 19:22:48] UtilityCollectionTest::testGetWhereNotNull.INFO: # Incomplete # [] []
[2014-05-26 19:22:48] UtilityCollectionTest::testGetWhereNotNull.INFO: PASSED [] []
[2014-05-26 19:22:48] UtilityCollectionTest::testGetWhereNotLike.INFO: PASSED [] []
[2014-05-26 19:23:37] UtilityCollectionTest::testCreateCollection.INFO: PASSED [] []
[2014-05-26 19:23:37] UtilityCollectionTest::testGetWhere.INFO: PASSED [] []
[2014-05-26 19:23:37] UtilityCollectionTest::testGetWhereIn.INFO: PASSED [] []
[2014-05-26 19:23:37] UtilityCollectionTest::testGetWhereBetween.INFO: PASSED [] []
[2014-05-26 19:23:37] UtilityCollectionTest::testGetWhereNull.INFO: # Incomplete # [] []
[2014-05-26 19:23:37] UtilityCollectionTest::testGetWhereNull.INFO: PASSED [] []
[2014-05-26 19:23:37] UtilityCollectionTest::testGetWhereLike.INFO: PASSED [] []
[2014-05-26 19:23:37] UtilityCollectionTest::testGetWhereNot.INFO: PASSED [] []
[2014-05-26 19:23:37] UtilityCollectionTest::testGetWhereNotIn.INFO: PASSED [] []
[2014-05-26 19:23:37] UtilityCollectionTest::testGetWhereNotBetween.ALERT: Failed asserting that actual size 0 matches expected size 2. [] []
[2014-05-26 19:23:37] UtilityCollectionTest::testGetWhereNotBetween.INFO: # FAILED # [] []
[2014-05-26 19:23:37] UtilityCollectionTest::testGetWhereNotBetween.INFO: PASSED [] []
[2014-05-26 19:23:37] UtilityCollectionTest::testGetWhereNotNull.INFO: # Incomplete # [] []
[2014-05-26 19:23:37] UtilityCollectionTest::testGetWhereNotNull.INFO: PASSED [] []
[2014-05-26 19:23:37] UtilityCollectionTest::testGetWhereNotLike.INFO: PASSED [] []
[2014-05-26 19:24:14] UtilityCollectionTest::testCreateCollection.INFO: PASSED [] []
[2014-05-26 19:24:14] UtilityCollectionTest::testGetWhere.INFO: PASSED [] []
[2014-05-26 19:24:14] UtilityCollectionTest::testGetWhereIn.INFO: PASSED [] []
[2014-05-26 19:24:14] UtilityCollectionTest::testGetWhereBetween.INFO: PASSED [] []
[2014-05-26 19:24:14] UtilityCollectionTest::testGetWhereNull.INFO: # Incomplete # [] []
[2014-05-26 19:24:14] UtilityCollectionTest::testGetWhereNull.INFO: PASSED [] []
[2014-05-26 19:24:14] UtilityCollectionTest::testGetWhereLike.INFO: PASSED [] []
[2014-05-26 19:24:14] UtilityCollectionTest::testGetWhereNot.INFO: PASSED [] []
[2014-05-26 19:24:14] UtilityCollectionTest::testGetWhereNotIn.INFO: PASSED [] []
[2014-05-26 19:24:14] UtilityCollectionTest::testGetWhereNotBetween.ALERT: Failed asserting that actual size 0 matches expected size 1. [] []
[2014-05-26 19:24:14] UtilityCollectionTest::testGetWhereNotBetween.INFO: # FAILED # [] []
[2014-05-26 19:24:14] UtilityCollectionTest::testGetWhereNotBetween.INFO: PASSED [] []
[2014-05-26 19:24:14] UtilityCollectionTest::testGetWhereNotNull.INFO: # Incomplete # [] []
[2014-05-26 19:24:14] UtilityCollectionTest::testGetWhereNotNull.INFO: PASSED [] []
[2014-05-26 19:24:14] UtilityCollectionTest::testGetWhereNotLike.INFO: PASSED [] []
[2014-05-26 19:25:03] UtilityCollectionTest::testCreateCollection.INFO: PASSED [] []
[2014-05-26 19:25:03] UtilityCollectionTest::testGetWhere.INFO: PASSED [] []
[2014-05-26 19:25:03] UtilityCollectionTest::testGetWhereIn.INFO: PASSED [] []
[2014-05-26 19:25:03] UtilityCollectionTest::testGetWhereBetween.INFO: PASSED [] []
[2014-05-26 19:25:03] UtilityCollectionTest::testGetWhereNull.INFO: # Incomplete # [] []
[2014-05-26 19:25:03] UtilityCollectionTest::testGetWhereNull.INFO: PASSED [] []
[2014-05-26 19:25:03] UtilityCollectionTest::testGetWhereLike.INFO: PASSED [] []
[2014-05-26 19:25:03] UtilityCollectionTest::testGetWhereNot.INFO: PASSED [] []
[2014-05-26 19:25:03] UtilityCollectionTest::testGetWhereNotIn.INFO: PASSED [] []
[2014-05-26 19:25:03] UtilityCollectionTest::testGetWhereNotBetween.INFO: PASSED [] []
[2014-05-26 19:25:04] UtilityCollectionTest::testGetWhereNotNull.INFO: # Incomplete # [] []
[2014-05-26 19:25:04] UtilityCollectionTest::testGetWhereNotNull.INFO: PASSED [] []
[2014-05-26 19:25:04] UtilityCollectionTest::testGetWhereNotLike.INFO: PASSED [] []
[2014-05-26 19:31:03] UtilityCollectionTest::testCreateCollection.INFO: PASSED [] []
[2014-05-26 19:31:03] UtilityCollectionTest::testGetWhere.INFO: PASSED [] []
[2014-05-26 19:31:03] UtilityCollectionTest::testGetWhereIn.INFO: PASSED [] []
[2014-05-26 19:31:03] UtilityCollectionTest::testGetWhereBetween.INFO: PASSED [] []
[2014-05-26 19:31:03] UtilityCollectionTest::testGetWhereNull.INFO: # Incomplete # [] []
[2014-05-26 19:31:03] UtilityCollectionTest::testGetWhereNull.INFO: PASSED [] []
[2014-05-26 19:31:03] UtilityCollectionTest::testGetWhereLike.INFO: PASSED [] []
[2014-05-26 19:31:03] UtilityCollectionTest::testGetWhereNot.INFO: PASSED [] []
[2014-05-26 19:31:03] UtilityCollectionTest::testGetWhereNotIn.INFO: PASSED [] []
[2014-05-26 19:31:03] UtilityCollectionTest::testGetWhereNotBetween.INFO: PASSED [] []
[2014-05-26 19:31:03] UtilityCollectionTest::testGetWhereNotNull.INFO: # Incomplete # [] []
[2014-05-26 19:31:03] UtilityCollectionTest::testGetWhereNotNull.INFO: PASSED [] []
[2014-05-26 19:31:03] UtilityCollectionTest::testGetWhereNotLike.INFO: PASSED [] []
[2014-05-26 19:31:03] UtilityCollectionTest::testGetWhereFirst.ALERT: Argument #2 (No Value) of PHPUnit_Framework_Assert::assertCount() must be a countable [] []
[2014-05-26 19:31:03] UtilityCollectionTest::testGetWhereFirst.INFO: # ERROR # [] []
[2014-05-26 19:31:03] UtilityCollectionTest::testGetWhereFirst.INFO: PASSED [] []
[2014-05-26 19:31:03] UtilityCollectionTest::testGetWhereLast.ALERT: Argument #2 (No Value) of PHPUnit_Framework_Assert::assertCount() must be a countable [] []
[2014-05-26 19:31:03] UtilityCollectionTest::testGetWhereLast.INFO: # ERROR # [] []
[2014-05-26 19:31:03] UtilityCollectionTest::testGetWhereLast.INFO: PASSED [] []
[2014-05-26 19:31:38] UtilityCollectionTest::testCreateCollection.INFO: PASSED [] []
[2014-05-26 19:31:38] UtilityCollectionTest::testGetWhere.INFO: PASSED [] []
[2014-05-26 19:31:38] UtilityCollectionTest::testGetWhereIn.INFO: PASSED [] []
[2014-05-26 19:31:38] UtilityCollectionTest::testGetWhereBetween.INFO: PASSED [] []
[2014-05-26 19:31:38] UtilityCollectionTest::testGetWhereNull.INFO: # Incomplete # [] []
[2014-05-26 19:31:38] UtilityCollectionTest::testGetWhereNull.INFO: PASSED [] []
[2014-05-26 19:31:38] UtilityCollectionTest::testGetWhereLike.INFO: PASSED [] []
[2014-05-26 19:31:38] UtilityCollectionTest::testGetWhereNot.INFO: PASSED [] []
[2014-05-26 19:31:38] UtilityCollectionTest::testGetWhereNotIn.INFO: PASSED [] []
[2014-05-26 19:31:38] UtilityCollectionTest::testGetWhereNotBetween.INFO: PASSED [] []
[2014-05-26 19:31:38] UtilityCollectionTest::testGetWhereNotNull.INFO: # Incomplete # [] []
[2014-05-26 19:31:38] UtilityCollectionTest::testGetWhereNotNull.INFO: PASSED [] []
[2014-05-26 19:31:38] UtilityCollectionTest::testGetWhereNotLike.INFO: PASSED [] []
[2014-05-26 19:31:38] UtilityCollectionTest::testGetWhereFirst.INFO: PASSED [] []
[2014-05-26 19:31:38] UtilityCollectionTest::testGetWhereLast.INFO: PASSED [] []
[2014-05-26 19:32:31] UtilityCollectionTest::testCreateCollection.INFO: PASSED [] []
[2014-05-26 19:32:31] UtilityCollectionTest::testGetWhere.INFO: PASSED [] []
[2014-05-26 19:32:31] UtilityCollectionTest::testGetWhereIn.INFO: PASSED [] []
[2014-05-26 19:32:31] UtilityCollectionTest::testGetWhereBetween.INFO: PASSED [] []
[2014-05-26 19:32:31] UtilityCollectionTest::testGetWhereNull.INFO: # Incomplete # [] []
[2014-05-26 19:32:31] UtilityCollectionTest::testGetWhereNull.INFO: PASSED [] []
[2014-05-26 19:32:31] UtilityCollectionTest::testGetWhereLike.INFO: PASSED [] []
[2014-05-26 19:32:31] UtilityCollectionTest::testGetWhereNot.INFO: PASSED [] []
[2014-05-26 19:32:31] UtilityCollectionTest::testGetWhereNotIn.INFO: PASSED [] []
[2014-05-26 19:32:31] UtilityCollectionTest::testGetWhereNotBetween.INFO: PASSED [] []
[2014-05-26 19:32:31] UtilityCollectionTest::testGetWhereNotNull.INFO: # Incomplete # [] []
[2014-05-26 19:32:31] UtilityCollectionTest::testGetWhereNotNull.INFO: PASSED [] []
[2014-05-26 19:32:32] UtilityCollectionTest::testGetWhereNotLike.INFO: PASSED [] []
[2014-05-26 19:32:32] UtilityCollectionTest::testGetWhereFirst.INFO: PASSED [] []
[2014-05-26 19:32:32] UtilityCollectionTest::testGetWhereLast.INFO: PASSED [] []
[2014-05-26 19:48:33] UtilityCollectionTest::testCreateCollection.INFO: PASSED [] []
[2014-05-26 19:48:33] UtilityCollectionTest::testGetWhere.INFO: PASSED [] []
[2014-05-26 19:48:33] UtilityCollectionTest::testGetWhereIn.INFO: PASSED [] []
[2014-05-26 19:48:33] UtilityCollectionTest::testGetWhereBetween.INFO: PASSED [] []
[2014-05-26 19:48:33] UtilityCollectionTest::testGetWhereNull.INFO: # Incomplete # [] []
[2014-05-26 19:48:33] UtilityCollectionTest::testGetWhereNull.INFO: PASSED [] []
[2014-05-26 19:48:33] UtilityCollectionTest::testGetWhereLike.INFO: PASSED [] []
[2014-05-26 19:48:33] UtilityCollectionTest::testGetWhereNot.INFO: PASSED [] []
[2014-05-26 19:48:33] UtilityCollectionTest::testGetWhereNotIn.INFO: PASSED [] []
[2014-05-26 19:48:33] UtilityCollectionTest::testGetWhereNotBetween.INFO: PASSED [] []
[2014-05-26 19:48:33] UtilityCollectionTest::testGetWhereNotNull.INFO: # Incomplete # [] []
[2014-05-26 19:48:33] UtilityCollectionTest::testGetWhereNotNull.INFO: PASSED [] []
[2014-05-26 19:48:33] UtilityCollectionTest::testGetWhereNotLike.INFO: PASSED [] []
[2014-05-26 19:48:33] UtilityCollectionTest::testGetWhereFirst.INFO: PASSED [] []
[2014-05-26 19:48:34] UtilityCollectionTest::testGetWhereLast.INFO: PASSED [] []
[2014-05-26 19:50:22] UtilityCollectionTest::testCreateCollection.INFO: PASSED [] []
[2014-05-26 19:50:22] UtilityCollectionTest::testGetWhere.INFO: PASSED [] []
[2014-05-26 19:50:22] UtilityCollectionTest::testGetWhereIn.INFO: PASSED [] []
[2014-05-26 19:50:22] UtilityCollectionTest::testGetWhereBetween.INFO: PASSED [] []
[2014-05-26 19:50:22] UtilityCollectionTest::testGetWhereNull.INFO: # Incomplete # [] []
[2014-05-26 19:50:22] UtilityCollectionTest::testGetWhereNull.INFO: PASSED [] []
[2014-05-26 19:50:22] UtilityCollectionTest::testGetWhereLike.INFO: PASSED [] []
[2014-05-26 19:50:22] UtilityCollectionTest::testGetWhereNot.INFO: PASSED [] []
[2014-05-26 19:50:22] UtilityCollectionTest::testGetWhereNotIn.INFO: PASSED [] []
[2014-05-26 19:50:22] UtilityCollectionTest::testGetWhereNotBetween.INFO: PASSED [] []
[2014-05-26 19:50:22] UtilityCollectionTest::testGetWhereNotNull.INFO: # Incomplete # [] []
[2014-05-26 19:50:22] UtilityCollectionTest::testGetWhereNotNull.INFO: PASSED [] []
[2014-05-26 19:50:22] UtilityCollectionTest::testGetWhereNotLike.INFO: PASSED [] []
[2014-05-26 19:50:22] UtilityCollectionTest::testGetWhereFirst.INFO: PASSED [] []
[2014-05-26 19:50:22] UtilityCollectionTest::testGetWhereLast.INFO: PASSED [] []
[2014-05-26 19:50:24] UtilityCollectionTest::testCreateCollection.INFO: PASSED [] []
[2014-05-26 19:50:24] UtilityCollectionTest::testGetWhere.INFO: PASSED [] []
[2014-05-26 19:50:24] UtilityCollectionTest::testGetWhereIn.INFO: PASSED [] []
[2014-05-26 19:50:24] UtilityCollectionTest::testGetWhereBetween.INFO: PASSED [] []
[2014-05-26 19:50:24] UtilityCollectionTest::testGetWhereNull.INFO: # Incomplete # [] []
[2014-05-26 19:50:24] UtilityCollectionTest::testGetWhereNull.INFO: PASSED [] []
[2014-05-26 19:50:25] UtilityCollectionTest::testGetWhereLike.INFO: PASSED [] []
[2014-05-26 19:50:25] UtilityCollectionTest::testGetWhereNot.INFO: PASSED [] []
[2014-05-26 19:50:25] UtilityCollectionTest::testGetWhereNotIn.INFO: PASSED [] []
[2014-05-26 19:50:25] UtilityCollectionTest::testGetWhereNotBetween.INFO: PASSED [] []
[2014-05-26 19:50:25] UtilityCollectionTest::testGetWhereNotNull.INFO: # Incomplete # [] []
[2014-05-26 19:50:25] UtilityCollectionTest::testGetWhereNotNull.INFO: PASSED [] []
[2014-05-26 19:50:25] UtilityCollectionTest::testGetWhereNotLike.INFO: PASSED [] []
[2014-05-26 19:50:25] UtilityCollectionTest::testGetWhereFirst.INFO: PASSED [] []
[2014-05-26 19:50:25] UtilityCollectionTest::testGetWhereLast.INFO: PASSED [] []
[2014-05-27 00:34:33] UtilityCollectionTest::testCreateCollection.ALERT: Illegal string offset 'name' [] []
[2014-05-27 00:34:33] UtilityCollectionTest::testCreateCollection.INFO: # ERROR # [] []
[2014-05-27 00:34:33] UtilityCollectionTest::testCreateCollection.INFO: PASSED [] []
[2014-05-27 00:34:33] UtilityCollectionTest::testGetWhere.ALERT: Illegal string offset 'name' [] []
[2014-05-27 00:34:33] UtilityCollectionTest::testGetWhere.INFO: # ERROR # [] []
[2014-05-27 00:34:33] UtilityCollectionTest::testGetWhere.INFO: PASSED [] []
[2014-05-27 00:34:33] UtilityCollectionTest::testGetWhereIn.ALERT: Illegal string offset 'name' [] []
[2014-05-27 00:34:33] UtilityCollectionTest::testGetWhereIn.INFO: # ERROR # [] []
[2014-05-27 00:34:33] UtilityCollectionTest::testGetWhereIn.INFO: PASSED [] []
[2014-05-27 00:34:33] UtilityCollectionTest::testGetWhereBetween.ALERT: Illegal string offset 'name' [] []
[2014-05-27 00:34:33] UtilityCollectionTest::testGetWhereBetween.INFO: # ERROR # [] []
[2014-05-27 00:34:33] UtilityCollectionTest::testGetWhereBetween.INFO: PASSED [] []
[2014-05-27 00:34:33] UtilityCollectionTest::testGetWhereNull.ALERT: Illegal string offset 'name' [] []
[2014-05-27 00:34:33] UtilityCollectionTest::testGetWhereNull.INFO: # ERROR # [] []
[2014-05-27 00:34:33] UtilityCollectionTest::testGetWhereNull.INFO: PASSED [] []
[2014-05-27 00:34:33] UtilityCollectionTest::testGetWhereLike.ALERT: Illegal string offset 'name' [] []
[2014-05-27 00:34:33] UtilityCollectionTest::testGetWhereLike.INFO: # ERROR # [] []
[2014-05-27 00:34:33] UtilityCollectionTest::testGetWhereLike.INFO: PASSED [] []
[2014-05-27 00:34:33] UtilityCollectionTest::testGetWhereNot.ALERT: Illegal string offset 'name' [] []
[2014-05-27 00:34:33] UtilityCollectionTest::testGetWhereNot.INFO: # ERROR # [] []
[2014-05-27 00:34:33] UtilityCollectionTest::testGetWhereNot.INFO: PASSED [] []
[2014-05-27 00:34:33] UtilityCollectionTest::testGetWhereNotIn.ALERT: Illegal string offset 'name' [] []
[2014-05-27 00:34:33] UtilityCollectionTest::testGetWhereNotIn.INFO: # ERROR # [] []
[2014-05-27 00:34:33] UtilityCollectionTest::testGetWhereNotIn.INFO: PASSED [] []
[2014-05-27 00:34:34] UtilityCollectionTest::testGetWhereNotBetween.ALERT: Illegal string offset 'name' [] []
[2014-05-27 00:34:34] UtilityCollectionTest::testGetWhereNotBetween.INFO: # ERROR # [] []
[2014-05-27 00:34:34] UtilityCollectionTest::testGetWhereNotBetween.INFO: PASSED [] []
[2014-05-27 00:34:34] UtilityCollectionTest::testGetWhereNotNull.ALERT: Illegal string offset 'name' [] []
[2014-05-27 00:34:34] UtilityCollectionTest::testGetWhereNotNull.INFO: # ERROR # [] []
[2014-05-27 00:34:34] UtilityCollectionTest::testGetWhereNotNull.INFO: PASSED [] []
[2014-05-27 00:34:34] UtilityCollectionTest::testGetWhereNotLike.ALERT: Illegal string offset 'name' [] []
[2014-05-27 00:34:34] UtilityCollectionTest::testGetWhereNotLike.INFO: # ERROR # [] []
[2014-05-27 00:34:34] UtilityCollectionTest::testGetWhereNotLike.INFO: PASSED [] []
[2014-05-27 00:34:34] UtilityCollectionTest::testGetWhereFirst.ALERT: Illegal string offset 'name' [] []
[2014-05-27 00:34:34] UtilityCollectionTest::testGetWhereFirst.INFO: # ERROR # [] []
[2014-05-27 00:34:34] UtilityCollectionTest::testGetWhereFirst.INFO: PASSED [] []
[2014-05-27 00:34:34] UtilityCollectionTest::testGetWhereLast.ALERT: Illegal string offset 'name' [] []
[2014-05-27 00:34:34] UtilityCollectionTest::testGetWhereLast.INFO: # ERROR # [] []
[2014-05-27 00:34:34] UtilityCollectionTest::testGetWhereLast.INFO: PASSED [] []
[2014-05-27 00:57:23] UtilityCollectionTest::testCreateCollection.ALERT: Illegal string offset 'name' [] []
[2014-05-27 00:57:23] UtilityCollectionTest::testCreateCollection.INFO: # ERROR # [] []
[2014-05-27 00:57:23] UtilityCollectionTest::testCreateCollection.INFO: PASSED [] []
[2014-05-27 00:57:23] UtilityCollectionTest::testGetWhere.ALERT: Illegal string offset 'name' [] []
[2014-05-27 00:57:23] UtilityCollectionTest::testGetWhere.INFO: # ERROR # [] []
[2014-05-27 00:57:23] UtilityCollectionTest::testGetWhere.INFO: PASSED [] []
[2014-05-27 00:57:23] UtilityCollectionTest::testGetWhereIn.ALERT: Illegal string offset 'name' [] []
[2014-05-27 00:57:23] UtilityCollectionTest::testGetWhereIn.INFO: # ERROR # [] []
[2014-05-27 00:57:23] UtilityCollectionTest::testGetWhereIn.INFO: PASSED [] []
[2014-05-27 00:57:23] UtilityCollectionTest::testGetWhereBetween.ALERT: Illegal string offset 'name' [] []
[2014-05-27 00:57:23] UtilityCollectionTest::testGetWhereBetween.INFO: # ERROR # [] []
[2014-05-27 00:57:23] UtilityCollectionTest::testGetWhereBetween.INFO: PASSED [] []
[2014-05-27 00:57:23] UtilityCollectionTest::testGetWhereNull.ALERT: Illegal string offset 'name' [] []
[2014-05-27 00:57:23] UtilityCollectionTest::testGetWhereNull.INFO: # ERROR # [] []
[2014-05-27 00:57:23] UtilityCollectionTest::testGetWhereNull.INFO: PASSED [] []
[2014-05-27 00:57:23] UtilityCollectionTest::testGetWhereLike.ALERT: Illegal string offset 'name' [] []
[2014-05-27 00:57:23] UtilityCollectionTest::testGetWhereLike.INFO: # ERROR # [] []
[2014-05-27 00:57:23] UtilityCollectionTest::testGetWhereLike.INFO: PASSED [] []
[2014-05-27 00:57:23] UtilityCollectionTest::testGetWhereNot.ALERT: Illegal string offset 'name' [] []
[2014-05-27 00:57:23] UtilityCollectionTest::testGetWhereNot.INFO: # ERROR # [] []
[2014-05-27 00:57:23] UtilityCollectionTest::testGetWhereNot.INFO: PASSED [] []
[2014-05-27 00:57:24] UtilityCollectionTest::testGetWhereNotIn.ALERT: Illegal string offset 'name' [] []
[2014-05-27 00:57:24] UtilityCollectionTest::testGetWhereNotIn.INFO: # ERROR # [] []
[2014-05-27 00:57:24] UtilityCollectionTest::testGetWhereNotIn.INFO: PASSED [] []
[2014-05-27 00:57:24] UtilityCollectionTest::testGetWhereNotBetween.ALERT: Illegal string offset 'name' [] []
[2014-05-27 00:57:24] UtilityCollectionTest::testGetWhereNotBetween.INFO: # ERROR # [] []
[2014-05-27 00:57:24] UtilityCollectionTest::testGetWhereNotBetween.INFO: PASSED [] []
[2014-05-27 00:57:24] UtilityCollectionTest::testGetWhereNotNull.ALERT: Illegal string offset 'name' [] []
[2014-05-27 00:57:24] UtilityCollectionTest::testGetWhereNotNull.INFO: # ERROR # [] []
[2014-05-27 00:57:24] UtilityCollectionTest::testGetWhereNotNull.INFO: PASSED [] []
[2014-05-27 00:57:24] UtilityCollectionTest::testGetWhereNotLike.ALERT: Illegal string offset 'name' [] []
[2014-05-27 00:57:24] UtilityCollectionTest::testGetWhereNotLike.INFO: # ERROR # [] []
[2014-05-27 00:57:24] UtilityCollectionTest::testGetWhereNotLike.INFO: PASSED [] []
[2014-05-27 00:57:24] UtilityCollectionTest::testGetWhereFirst.ALERT: Illegal string offset 'name' [] []
[2014-05-27 00:57:24] UtilityCollectionTest::testGetWhereFirst.INFO: # ERROR # [] []
[2014-05-27 00:57:24] UtilityCollectionTest::testGetWhereFirst.INFO: PASSED [] []
[2014-05-27 00:57:24] UtilityCollectionTest::testGetWhereLast.ALERT: Illegal string offset 'name' [] []
[2014-05-27 00:57:24] UtilityCollectionTest::testGetWhereLast.INFO: # ERROR # [] []
[2014-05-27 00:57:24] UtilityCollectionTest::testGetWhereLast.INFO: PASSED [] []
[2014-05-27 00:57:40] UtilityCollectionTest::testCreateCollection.ALERT: Illegal string offset 'name' [] []
[2014-05-27 00:57:40] UtilityCollectionTest::testCreateCollection.INFO: # ERROR # [] []
[2014-05-27 00:57:40] UtilityCollectionTest::testCreateCollection.INFO: PASSED [] []
[2014-05-27 00:57:40] UtilityCollectionTest::testGetWhere.ALERT: Illegal string offset 'name' [] []
[2014-05-27 00:57:40] UtilityCollectionTest::testGetWhere.INFO: # ERROR # [] []
[2014-05-27 00:57:40] UtilityCollectionTest::testGetWhere.INFO: PASSED [] []
[2014-05-27 00:57:40] UtilityCollectionTest::testGetWhereIn.ALERT: Illegal string offset 'name' [] []
[2014-05-27 00:57:40] UtilityCollectionTest::testGetWhereIn.INFO: # ERROR # [] []
[2014-05-27 00:57:40] UtilityCollectionTest::testGetWhereIn.INFO: PASSED [] []
[2014-05-27 00:57:40] UtilityCollectionTest::testGetWhereBetween.ALERT: Illegal string offset 'name' [] []
[2014-05-27 00:57:40] UtilityCollectionTest::testGetWhereBetween.INFO: # ERROR # [] []
[2014-05-27 00:57:40] UtilityCollectionTest::testGetWhereBetween.INFO: PASSED [] []
[2014-05-27 00:57:40] UtilityCollectionTest::testGetWhereNull.ALERT: Illegal string offset 'name' [] []
[2014-05-27 00:57:40] UtilityCollectionTest::testGetWhereNull.INFO: # ERROR # [] []
[2014-05-27 00:57:40] UtilityCollectionTest::testGetWhereNull.INFO: PASSED [] []
[2014-05-27 00:57:41] UtilityCollectionTest::testGetWhereLike.ALERT: Illegal string offset 'name' [] []
[2014-05-27 00:57:41] UtilityCollectionTest::testGetWhereLike.INFO: # ERROR # [] []
[2014-05-27 00:57:41] UtilityCollectionTest::testGetWhereLike.INFO: PASSED [] []
[2014-05-27 00:57:41] UtilityCollectionTest::testGetWhereNot.ALERT: Illegal string offset 'name' [] []
[2014-05-27 00:57:41] UtilityCollectionTest::testGetWhereNot.INFO: # ERROR # [] []
[2014-05-27 00:57:41] UtilityCollectionTest::testGetWhereNot.INFO: PASSED [] []
[2014-05-27 00:57:41] UtilityCollectionTest::testGetWhereNotIn.ALERT: Illegal string offset 'name' [] []
[2014-05-27 00:57:41] UtilityCollectionTest::testGetWhereNotIn.INFO: # ERROR # [] []
[2014-05-27 00:57:41] UtilityCollectionTest::testGetWhereNotIn.INFO: PASSED [] []
[2014-05-27 00:57:41] UtilityCollectionTest::testGetWhereNotBetween.ALERT: Illegal string offset 'name' [] []
[2014-05-27 00:57:41] UtilityCollectionTest::testGetWhereNotBetween.INFO: # ERROR # [] []
[2014-05-27 00:57:41] UtilityCollectionTest::testGetWhereNotBetween.INFO: PASSED [] []
[2014-05-27 00:57:41] UtilityCollectionTest::testGetWhereNotNull.ALERT: Illegal string offset 'name' [] []
[2014-05-27 00:57:41] UtilityCollectionTest::testGetWhereNotNull.INFO: # ERROR # [] []
[2014-05-27 00:57:41] UtilityCollectionTest::testGetWhereNotNull.INFO: PASSED [] []
[2014-05-27 00:57:41] UtilityCollectionTest::testGetWhereNotLike.ALERT: Illegal string offset 'name' [] []
[2014-05-27 00:57:41] UtilityCollectionTest::testGetWhereNotLike.INFO: # ERROR # [] []
[2014-05-27 00:57:41] UtilityCollectionTest::testGetWhereNotLike.INFO: PASSED [] []
[2014-05-27 00:57:41] UtilityCollectionTest::testGetWhereFirst.ALERT: Illegal string offset 'name' [] []
[2014-05-27 00:57:41] UtilityCollectionTest::testGetWhereFirst.INFO: # ERROR # [] []
[2014-05-27 00:57:41] UtilityCollectionTest::testGetWhereFirst.INFO: PASSED [] []
[2014-05-27 00:57:41] UtilityCollectionTest::testGetWhereLast.ALERT: Illegal string offset 'name' [] []
[2014-05-27 00:57:41] UtilityCollectionTest::testGetWhereLast.INFO: # ERROR # [] []
[2014-05-27 00:57:41] UtilityCollectionTest::testGetWhereLast.INFO: PASSED [] []
[2014-05-27 00:58:23] UtilityCollectionTest::testTest.ALERT: Illegal string offset 'name' [] []
[2014-05-27 00:58:23] UtilityCollectionTest::testTest.INFO: # ERROR # [] []
[2014-05-27 00:58:23] UtilityCollectionTest::testTest.INFO: PASSED [] []
[2014-05-27 00:58:23] UtilityCollectionTest::testCreateCollection.ALERT: Illegal string offset 'name' [] []
[2014-05-27 00:58:23] UtilityCollectionTest::testCreateCollection.INFO: # ERROR # [] []
[2014-05-27 00:58:23] UtilityCollectionTest::testCreateCollection.INFO: PASSED [] []
[2014-05-27 00:58:23] UtilityCollectionTest::testGetWhere.ALERT: Illegal string offset 'name' [] []
[2014-05-27 00:58:23] UtilityCollectionTest::testGetWhere.INFO: # ERROR # [] []
[2014-05-27 00:58:23] UtilityCollectionTest::testGetWhere.INFO: PASSED [] []
[2014-05-27 00:58:23] UtilityCollectionTest::testGetWhereIn.ALERT: Illegal string offset 'name' [] []
[2014-05-27 00:58:23] UtilityCollectionTest::testGetWhereIn.INFO: # ERROR # [] []
[2014-05-27 00:58:23] UtilityCollectionTest::testGetWhereIn.INFO: PASSED [] []
[2014-05-27 00:58:23] UtilityCollectionTest::testGetWhereBetween.ALERT: Illegal string offset 'name' [] []
[2014-05-27 00:58:23] UtilityCollectionTest::testGetWhereBetween.INFO: # ERROR # [] []
[2014-05-27 00:58:23] UtilityCollectionTest::testGetWhereBetween.INFO: PASSED [] []
[2014-05-27 00:58:23] UtilityCollectionTest::testGetWhereNull.ALERT: Illegal string offset 'name' [] []
[2014-05-27 00:58:23] UtilityCollectionTest::testGetWhereNull.INFO: # ERROR # [] []
[2014-05-27 00:58:23] UtilityCollectionTest::testGetWhereNull.INFO: PASSED [] []
[2014-05-27 00:58:23] UtilityCollectionTest::testGetWhereLike.ALERT: Illegal string offset 'name' [] []
[2014-05-27 00:58:23] UtilityCollectionTest::testGetWhereLike.INFO: # ERROR # [] []
[2014-05-27 00:58:23] UtilityCollectionTest::testGetWhereLike.INFO: PASSED [] []
[2014-05-27 00:58:23] UtilityCollectionTest::testGetWhereNot.ALERT: Illegal string offset 'name' [] []
[2014-05-27 00:58:23] UtilityCollectionTest::testGetWhereNot.INFO: # ERROR # [] []
[2014-05-27 00:58:23] UtilityCollectionTest::testGetWhereNot.INFO: PASSED [] []
[2014-05-27 00:58:23] UtilityCollectionTest::testGetWhereNotIn.ALERT: Illegal string offset 'name' [] []
[2014-05-27 00:58:23] UtilityCollectionTest::testGetWhereNotIn.INFO: # ERROR # [] []
[2014-05-27 00:58:23] UtilityCollectionTest::testGetWhereNotIn.INFO: PASSED [] []
[2014-05-27 00:58:23] UtilityCollectionTest::testGetWhereNotBetween.ALERT: Illegal string offset 'name' [] []
[2014-05-27 00:58:23] UtilityCollectionTest::testGetWhereNotBetween.INFO: # ERROR # [] []
[2014-05-27 00:58:23] UtilityCollectionTest::testGetWhereNotBetween.INFO: PASSED [] []
[2014-05-27 00:58:23] UtilityCollectionTest::testGetWhereNotNull.ALERT: Illegal string offset 'name' [] []
[2014-05-27 00:58:23] UtilityCollectionTest::testGetWhereNotNull.INFO: # ERROR # [] []
[2014-05-27 00:58:23] UtilityCollectionTest::testGetWhereNotNull.INFO: PASSED [] []
[2014-05-27 00:58:23] UtilityCollectionTest::testGetWhereNotLike.ALERT: Illegal string offset 'name' [] []
[2014-05-27 00:58:23] UtilityCollectionTest::testGetWhereNotLike.INFO: # ERROR # [] []
[2014-05-27 00:58:23] UtilityCollectionTest::testGetWhereNotLike.INFO: PASSED [] []
[2014-05-27 00:58:23] UtilityCollectionTest::testGetWhereFirst.ALERT: Illegal string offset 'name' [] []
[2014-05-27 00:58:23] UtilityCollectionTest::testGetWhereFirst.INFO: # ERROR # [] []
[2014-05-27 00:58:23] UtilityCollectionTest::testGetWhereFirst.INFO: PASSED [] []
[2014-05-27 00:58:23] UtilityCollectionTest::testGetWhereLast.ALERT: Illegal string offset 'name' [] []
[2014-05-27 00:58:23] UtilityCollectionTest::testGetWhereLast.INFO: # ERROR # [] []
[2014-05-27 00:58:23] UtilityCollectionTest::testGetWhereLast.INFO: PASSED [] []
[2014-05-27 00:59:10] UtilityCollectionTest::testTest.ALERT: Illegal string offset 'name' [] []
[2014-05-27 00:59:10] UtilityCollectionTest::testTest.INFO: # ERROR # [] []
[2014-05-27 00:59:10] UtilityCollectionTest::testTest.INFO: PASSED [] []
[2014-05-27 00:59:10] UtilityCollectionTest::testCreateCollection.ALERT: Illegal string offset 'name' [] []
[2014-05-27 00:59:10] UtilityCollectionTest::testCreateCollection.INFO: # ERROR # [] []
[2014-05-27 00:59:10] UtilityCollectionTest::testCreateCollection.INFO: PASSED [] []
[2014-05-27 00:59:10] UtilityCollectionTest::testGetWhere.ALERT: Illegal string offset 'name' [] []
[2014-05-27 00:59:10] UtilityCollectionTest::testGetWhere.INFO: # ERROR # [] []
[2014-05-27 00:59:10] UtilityCollectionTest::testGetWhere.INFO: PASSED [] []
[2014-05-27 00:59:10] UtilityCollectionTest::testGetWhereIn.ALERT: Illegal string offset 'name' [] []
[2014-05-27 00:59:10] UtilityCollectionTest::testGetWhereIn.INFO: # ERROR # [] []
[2014-05-27 00:59:10] UtilityCollectionTest::testGetWhereIn.INFO: PASSED [] []
[2014-05-27 00:59:10] UtilityCollectionTest::testGetWhereBetween.ALERT: Illegal string offset 'name' [] []
[2014-05-27 00:59:10] UtilityCollectionTest::testGetWhereBetween.INFO: # ERROR # [] []
[2014-05-27 00:59:10] UtilityCollectionTest::testGetWhereBetween.INFO: PASSED [] []
[2014-05-27 00:59:10] UtilityCollectionTest::testGetWhereNull.ALERT: Illegal string offset 'name' [] []
[2014-05-27 00:59:10] UtilityCollectionTest::testGetWhereNull.INFO: # ERROR # [] []
[2014-05-27 00:59:10] UtilityCollectionTest::testGetWhereNull.INFO: PASSED [] []
[2014-05-27 00:59:10] UtilityCollectionTest::testGetWhereLike.ALERT: Illegal string offset 'name' [] []
[2014-05-27 00:59:10] UtilityCollectionTest::testGetWhereLike.INFO: # ERROR # [] []
[2014-05-27 00:59:10] UtilityCollectionTest::testGetWhereLike.INFO: PASSED [] []
[2014-05-27 00:59:10] UtilityCollectionTest::testGetWhereNot.ALERT: Illegal string offset 'name' [] []
[2014-05-27 00:59:10] UtilityCollectionTest::testGetWhereNot.INFO: # ERROR # [] []
[2014-05-27 00:59:10] UtilityCollectionTest::testGetWhereNot.INFO: PASSED [] []
[2014-05-27 00:59:10] UtilityCollectionTest::testGetWhereNotIn.ALERT: Illegal string offset 'name' [] []
[2014-05-27 00:59:10] UtilityCollectionTest::testGetWhereNotIn.INFO: # ERROR # [] []
[2014-05-27 00:59:10] UtilityCollectionTest::testGetWhereNotIn.INFO: PASSED [] []
[2014-05-27 00:59:10] UtilityCollectionTest::testGetWhereNotBetween.ALERT: Illegal string offset 'name' [] []
[2014-05-27 00:59:10] UtilityCollectionTest::testGetWhereNotBetween.INFO: # ERROR # [] []
[2014-05-27 00:59:10] UtilityCollectionTest::testGetWhereNotBetween.INFO: PASSED [] []
[2014-05-27 00:59:10] UtilityCollectionTest::testGetWhereNotNull.ALERT: Illegal string offset 'name' [] []
[2014-05-27 00:59:10] UtilityCollectionTest::testGetWhereNotNull.INFO: # ERROR # [] []
[2014-05-27 00:59:10] UtilityCollectionTest::testGetWhereNotNull.INFO: PASSED [] []
[2014-05-27 00:59:10] UtilityCollectionTest::testGetWhereNotLike.ALERT: Illegal string offset 'name' [] []
[2014-05-27 00:59:10] UtilityCollectionTest::testGetWhereNotLike.INFO: # ERROR # [] []
[2014-05-27 00:59:10] UtilityCollectionTest::testGetWhereNotLike.INFO: PASSED [] []
[2014-05-27 00:59:10] UtilityCollectionTest::testGetWhereFirst.ALERT: Illegal string offset 'name' [] []
[2014-05-27 00:59:10] UtilityCollectionTest::testGetWhereFirst.INFO: # ERROR # [] []
[2014-05-27 00:59:10] UtilityCollectionTest::testGetWhereFirst.INFO: PASSED [] []
[2014-05-27 00:59:10] UtilityCollectionTest::testGetWhereLast.ALERT: Illegal string offset 'name' [] []
[2014-05-27 00:59:10] UtilityCollectionTest::testGetWhereLast.INFO: # ERROR # [] []
[2014-05-27 00:59:10] UtilityCollectionTest::testGetWhereLast.INFO: PASSED [] []
[2014-05-27 01:00:47] UtilityCollectionTest::testTest.ALERT: Illegal string offset 'name' [] []
[2014-05-27 01:00:47] UtilityCollectionTest::testTest.INFO: # ERROR # [] []
[2014-05-27 01:00:47] UtilityCollectionTest::testTest.INFO: PASSED [] []
[2014-05-27 01:00:47] UtilityCollectionTest::testCreateCollection.ALERT: Illegal string offset 'name' [] []
[2014-05-27 01:00:47] UtilityCollectionTest::testCreateCollection.INFO: # ERROR # [] []
[2014-05-27 01:00:47] UtilityCollectionTest::testCreateCollection.INFO: PASSED [] []
[2014-05-27 01:00:47] UtilityCollectionTest::testGetWhere.ALERT: Illegal string offset 'name' [] []
[2014-05-27 01:00:47] UtilityCollectionTest::testGetWhere.INFO: # ERROR # [] []
[2014-05-27 01:00:47] UtilityCollectionTest::testGetWhere.INFO: PASSED [] []
[2014-05-27 01:00:47] UtilityCollectionTest::testGetWhereIn.ALERT: Illegal string offset 'name' [] []
[2014-05-27 01:00:47] UtilityCollectionTest::testGetWhereIn.INFO: # ERROR # [] []
[2014-05-27 01:00:47] UtilityCollectionTest::testGetWhereIn.INFO: PASSED [] []
[2014-05-27 01:00:47] UtilityCollectionTest::testGetWhereBetween.ALERT: Illegal string offset 'name' [] []
[2014-05-27 01:00:47] UtilityCollectionTest::testGetWhereBetween.INFO: # ERROR # [] []
[2014-05-27 01:00:47] UtilityCollectionTest::testGetWhereBetween.INFO: PASSED [] []
[2014-05-27 01:00:47] UtilityCollectionTest::testGetWhereNull.ALERT: Illegal string offset 'name' [] []
[2014-05-27 01:00:47] UtilityCollectionTest::testGetWhereNull.INFO: # ERROR # [] []
[2014-05-27 01:00:47] UtilityCollectionTest::testGetWhereNull.INFO: PASSED [] []
[2014-05-27 01:00:47] UtilityCollectionTest::testGetWhereLike.ALERT: Illegal string offset 'name' [] []
[2014-05-27 01:00:47] UtilityCollectionTest::testGetWhereLike.INFO: # ERROR # [] []
[2014-05-27 01:00:47] UtilityCollectionTest::testGetWhereLike.INFO: PASSED [] []
[2014-05-27 01:00:47] UtilityCollectionTest::testGetWhereNot.ALERT: Illegal string offset 'name' [] []
[2014-05-27 01:00:47] UtilityCollectionTest::testGetWhereNot.INFO: # ERROR # [] []
[2014-05-27 01:00:47] UtilityCollectionTest::testGetWhereNot.INFO: PASSED [] []
[2014-05-27 01:00:47] UtilityCollectionTest::testGetWhereNotIn.ALERT: Illegal string offset 'name' [] []
[2014-05-27 01:00:47] UtilityCollectionTest::testGetWhereNotIn.INFO: # ERROR # [] []
[2014-05-27 01:00:47] UtilityCollectionTest::testGetWhereNotIn.INFO: PASSED [] []
[2014-05-27 01:00:47] UtilityCollectionTest::testGetWhereNotBetween.ALERT: Illegal string offset 'name' [] []
[2014-05-27 01:00:47] UtilityCollectionTest::testGetWhereNotBetween.INFO: # ERROR # [] []
[2014-05-27 01:00:47] UtilityCollectionTest::testGetWhereNotBetween.INFO: PASSED [] []
[2014-05-27 01:00:47] UtilityCollectionTest::testGetWhereNotNull.ALERT: Illegal string offset 'name' [] []
[2014-05-27 01:00:47] UtilityCollectionTest::testGetWhereNotNull.INFO: # ERROR # [] []
[2014-05-27 01:00:47] UtilityCollectionTest::testGetWhereNotNull.INFO: PASSED [] []
[2014-05-27 01:00:47] UtilityCollectionTest::testGetWhereNotLike.ALERT: Illegal string offset 'name' [] []
[2014-05-27 01:00:47] UtilityCollectionTest::testGetWhereNotLike.INFO: # ERROR # [] []
[2014-05-27 01:00:47] UtilityCollectionTest::testGetWhereNotLike.INFO: PASSED [] []
[2014-05-27 01:00:47] UtilityCollectionTest::testGetWhereFirst.ALERT: Illegal string offset 'name' [] []
[2014-05-27 01:00:47] UtilityCollectionTest::testGetWhereFirst.INFO: # ERROR # [] []
[2014-05-27 01:00:47] UtilityCollectionTest::testGetWhereFirst.INFO: PASSED [] []
[2014-05-27 01:00:47] UtilityCollectionTest::testGetWhereLast.ALERT: Illegal string offset 'name' [] []
[2014-05-27 01:00:47] UtilityCollectionTest::testGetWhereLast.INFO: # ERROR # [] []
[2014-05-27 01:00:47] UtilityCollectionTest::testGetWhereLast.INFO: PASSED [] []
[2014-05-27 01:02:34] UtilityCollectionTest::testTest.ALERT: Illegal string offset 'name' [] []
[2014-05-27 01:02:34] UtilityCollectionTest::testTest.INFO: # ERROR # [] []
[2014-05-27 01:02:34] UtilityCollectionTest::testTest.INFO: PASSED [] []
[2014-05-27 01:04:22] UtilityCollectionTest::testCreateCollection.INFO: PASSED [] []
[2014-05-27 01:04:22] UtilityCollectionTest::testGetWhere.INFO: PASSED [] []
[2014-05-27 01:04:22] UtilityCollectionTest::testGetWhereIn.INFO: PASSED [] []
[2014-05-27 01:04:22] UtilityCollectionTest::testGetWhereBetween.INFO: PASSED [] []
[2014-05-27 01:04:22] UtilityCollectionTest::testGetWhereNull.INFO: # Incomplete # [] []
[2014-05-27 01:04:22] UtilityCollectionTest::testGetWhereNull.INFO: PASSED [] []
[2014-05-27 01:04:23] UtilityCollectionTest::testGetWhereLike.INFO: PASSED [] []
[2014-05-27 01:04:23] UtilityCollectionTest::testGetWhereNot.INFO: PASSED [] []
[2014-05-27 01:04:23] UtilityCollectionTest::testGetWhereNotIn.INFO: PASSED [] []
[2014-05-27 01:04:23] UtilityCollectionTest::testGetWhereNotBetween.INFO: PASSED [] []
[2014-05-27 01:04:23] UtilityCollectionTest::testGetWhereNotNull.INFO: # Incomplete # [] []
[2014-05-27 01:04:23] UtilityCollectionTest::testGetWhereNotNull.INFO: PASSED [] []
[2014-05-27 01:04:23] UtilityCollectionTest::testGetWhereNotLike.INFO: PASSED [] []
[2014-05-27 01:04:23] UtilityCollectionTest::testGetWhereFirst.INFO: PASSED [] []
[2014-05-27 01:04:23] UtilityCollectionTest::testGetWhereLast.INFO: PASSED [] []
[2014-05-27 01:10:33] UtilityCollectionTest::testCreateCollection.INFO: PASSED [] []
[2014-05-27 01:10:33] UtilityCollectionTest::testGetWhere.INFO: PASSED [] []
[2014-05-27 01:10:33] UtilityCollectionTest::testGetWhereIn.INFO: PASSED [] []
[2014-05-27 01:10:33] UtilityCollectionTest::testGetWhereBetween.INFO: PASSED [] []
[2014-05-27 01:10:33] UtilityCollectionTest::testGetWhereNull.INFO: # Incomplete # [] []
[2014-05-27 01:10:33] UtilityCollectionTest::testGetWhereNull.INFO: PASSED [] []
[2014-05-27 01:10:33] UtilityCollectionTest::testGetWhereLike.INFO: PASSED [] []
[2014-05-27 01:10:33] UtilityCollectionTest::testGetWhereNot.INFO: PASSED [] []
[2014-05-27 01:10:33] UtilityCollectionTest::testGetWhereNotIn.INFO: PASSED [] []
[2014-05-27 01:10:33] UtilityCollectionTest::testGetWhereNotBetween.INFO: PASSED [] []
[2014-05-27 01:10:33] UtilityCollectionTest::testGetWhereNotNull.INFO: # Incomplete # [] []
[2014-05-27 01:10:33] UtilityCollectionTest::testGetWhereNotNull.INFO: PASSED [] []
[2014-05-27 01:10:33] UtilityCollectionTest::testGetWhereNotLike.INFO: PASSED [] []
[2014-05-27 01:10:33] UtilityCollectionTest::testGetWhereFirst.INFO: PASSED [] []
[2014-05-27 01:10:33] UtilityCollectionTest::testGetWhereLast.INFO: PASSED [] []
[2014-05-27 01:10:33] UtilityCollectionTest::testGetWhereTap.INFO: PASSED [] []
[2014-05-27 01:14:30] UtilityCollectionTest::testCreateCollection.INFO: PASSED [] []
[2014-05-27 01:14:30] UtilityCollectionTest::testGetWhere.INFO: PASSED [] []
[2014-05-27 01:14:30] UtilityCollectionTest::testGetWhereIn.INFO: PASSED [] []
[2014-05-27 01:14:31] UtilityCollectionTest::testGetWhereBetween.INFO: PASSED [] []
[2014-05-27 01:14:31] UtilityCollectionTest::testGetWhereNull.INFO: # Incomplete # [] []
[2014-05-27 01:14:31] UtilityCollectionTest::testGetWhereNull.INFO: PASSED [] []
[2014-05-27 01:14:31] UtilityCollectionTest::testGetWhereLike.INFO: PASSED [] []
[2014-05-27 01:14:31] UtilityCollectionTest::testGetWhereNot.INFO: PASSED [] []
[2014-05-27 01:14:31] UtilityCollectionTest::testGetWhereNotIn.INFO: PASSED [] []
[2014-05-27 01:14:31] UtilityCollectionTest::testGetWhereNotBetween.INFO: PASSED [] []
[2014-05-27 01:14:31] UtilityCollectionTest::testGetWhereNotNull.INFO: # Incomplete # [] []
[2014-05-27 01:14:31] UtilityCollectionTest::testGetWhereNotNull.INFO: PASSED [] []
[2014-05-27 01:14:31] UtilityCollectionTest::testGetWhereNotLike.INFO: PASSED [] []
[2014-05-27 01:14:31] UtilityCollectionTest::testGetWhereFirst.INFO: PASSED [] []
[2014-05-27 01:14:31] UtilityCollectionTest::testGetWhereLast.INFO: PASSED [] []
[2014-05-27 01:14:31] UtilityCollectionTest::testGetWhereTap.ALERT: Failed asserting that NukaCode\Core\Database\Collection Object &00000000296e35e0000000001c34d85f (     'items' => Array &0 (         0 => 'jeff'     ) ) matches expected 'jeff'. [] []
[2014-05-27 01:14:31] UtilityCollectionTest::testGetWhereTap.INFO: # FAILED # [] []
[2014-05-27 01:14:31] UtilityCollectionTest::testGetWhereTap.INFO: PASSED [] []
[2014-05-27 01:15:07] UtilityCollectionTest::testCreateCollection.INFO: PASSED [] []
[2014-05-27 01:15:07] UtilityCollectionTest::testGetWhere.INFO: PASSED [] []
[2014-05-27 01:15:07] UtilityCollectionTest::testGetWhereIn.INFO: PASSED [] []
[2014-05-27 01:15:07] UtilityCollectionTest::testGetWhereBetween.INFO: PASSED [] []
[2014-05-27 01:15:07] UtilityCollectionTest::testGetWhereNull.INFO: # Incomplete # [] []
[2014-05-27 01:15:07] UtilityCollectionTest::testGetWhereNull.INFO: PASSED [] []
[2014-05-27 01:15:08] UtilityCollectionTest::testGetWhereLike.INFO: PASSED [] []
[2014-05-27 01:15:08] UtilityCollectionTest::testGetWhereNot.INFO: PASSED [] []
[2014-05-27 01:15:08] UtilityCollectionTest::testGetWhereNotIn.INFO: PASSED [] []
[2014-05-27 01:15:08] UtilityCollectionTest::testGetWhereNotBetween.INFO: PASSED [] []
[2014-05-27 01:15:08] UtilityCollectionTest::testGetWhereNotNull.INFO: # Incomplete # [] []
[2014-05-27 01:15:08] UtilityCollectionTest::testGetWhereNotNull.INFO: PASSED [] []
[2014-05-27 01:15:08] UtilityCollectionTest::testGetWhereNotLike.INFO: PASSED [] []
[2014-05-27 01:15:08] UtilityCollectionTest::testGetWhereFirst.INFO: PASSED [] []
[2014-05-27 01:15:08] UtilityCollectionTest::testGetWhereLast.INFO: PASSED [] []
[2014-05-27 01:15:08] UtilityCollectionTest::testGetWhereTap.INFO: PASSED [] []
[2014-05-27 01:41:13] UtilityCollectionTest::testCreateCollection.INFO: PASSED [] []
[2014-05-27 01:41:13] UtilityCollectionTest::testGetWhere.INFO: PASSED [] []
[2014-05-27 01:41:13] UtilityCollectionTest::testGetWhereIn.INFO: PASSED [] []
[2014-05-27 01:41:13] UtilityCollectionTest::testGetWhereBetween.INFO: PASSED [] []
[2014-05-27 01:41:13] UtilityCollectionTest::testGetWhereNull.INFO: # Incomplete # [] []
[2014-05-27 01:41:13] UtilityCollectionTest::testGetWhereNull.INFO: PASSED [] []
[2014-05-27 01:41:13] UtilityCollectionTest::testGetWhereLike.INFO: PASSED [] []
[2014-05-27 01:41:13] UtilityCollectionTest::testGetWhereNot.INFO: PASSED [] []
[2014-05-27 01:41:13] UtilityCollectionTest::testGetWhereNotIn.INFO: PASSED [] []
[2014-05-27 01:41:13] UtilityCollectionTest::testGetWhereNotBetween.INFO: PASSED [] []
[2014-05-27 01:41:13] UtilityCollectionTest::testGetWhereNotNull.INFO: # Incomplete # [] []
[2014-05-27 01:41:13] UtilityCollectionTest::testGetWhereNotNull.INFO: PASSED [] []
[2014-05-27 01:41:13] UtilityCollectionTest::testGetWhereNotLike.INFO: PASSED [] []
[2014-05-27 01:41:13] UtilityCollectionTest::testGetWhereFirst.INFO: PASSED [] []
[2014-05-27 01:41:13] UtilityCollectionTest::testGetWhereLast.INFO: PASSED [] []
[2014-05-27 01:41:14] UtilityCollectionTest::testGetWhereTap.INFO: PASSED [] []
[2014-05-27 01:41:14] UtilityCollectionTest::testGetWhereTapNot.ALERT: Failed asserting that actual size 1 matches expected size 4. [] []
[2014-05-27 01:41:14] UtilityCollectionTest::testGetWhereTapNot.INFO: # FAILED # [] []
[2014-05-27 01:41:14] UtilityCollectionTest::testGetWhereTapNot.INFO: PASSED [] []
[2014-05-27 01:52:53] UtilityCollectionTest::testCreateCollection.INFO: PASSED [] []
[2014-05-27 01:52:53] UtilityCollectionTest::testGetWhere.INFO: PASSED [] []
[2014-05-27 01:52:53] UtilityCollectionTest::testGetWhereIn.INFO: PASSED [] []
[2014-05-27 01:52:53] UtilityCollectionTest::testGetWhereBetween.INFO: PASSED [] []
[2014-05-27 01:52:53] UtilityCollectionTest::testGetWhereNull.INFO: # Incomplete # [] []
[2014-05-27 01:52:53] UtilityCollectionTest::testGetWhereNull.INFO: PASSED [] []
[2014-05-27 01:52:53] UtilityCollectionTest::testGetWhereLike.INFO: PASSED [] []
[2014-05-27 01:52:53] UtilityCollectionTest::testGetWhereNot.INFO: PASSED [] []
[2014-05-27 01:52:53] UtilityCollectionTest::testGetWhereNotIn.INFO: PASSED [] []
[2014-05-27 01:52:53] UtilityCollectionTest::testGetWhereNotBetween.INFO: PASSED [] []
[2014-05-27 01:52:53] UtilityCollectionTest::testGetWhereNotNull.INFO: # Incomplete # [] []
[2014-05-27 01:52:53] UtilityCollectionTest::testGetWhereNotNull.INFO: PASSED [] []
[2014-05-27 01:52:53] UtilityCollectionTest::testGetWhereNotLike.INFO: PASSED [] []
[2014-05-27 01:52:53] UtilityCollectionTest::testGetWhereFirst.INFO: PASSED [] []
[2014-05-27 01:52:53] UtilityCollectionTest::testGetWhereLast.INFO: PASSED [] []
[2014-05-27 01:52:53] UtilityCollectionTest::testGetWhereTap.INFO: PASSED [] []
[2014-05-27 01:52:54] UtilityCollectionTest::testGetWhereInTap.ALERT: Failed asserting that actual size 0 matches expected size 2. [] []
[2014-05-27 01:52:54] UtilityCollectionTest::testGetWhereInTap.INFO: # FAILED # [] []
[2014-05-27 01:52:54] UtilityCollectionTest::testGetWhereInTap.INFO: PASSED [] []
[2014-05-27 01:52:54] UtilityCollectionTest::testGetWhereBetweenTap.ALERT: Failed asserting that actual size 0 matches expected size 3. [] []
[2014-05-27 01:52:54] UtilityCollectionTest::testGetWhereBetweenTap.INFO: # FAILED # [] []
[2014-05-27 01:52:54] UtilityCollectionTest::testGetWhereBetweenTap.INFO: PASSED [] []
[2014-05-27 01:52:54] UtilityCollectionTest::testGetWhereNullTap.INFO: # Incomplete # [] []
[2014-05-27 01:52:54] UtilityCollectionTest::testGetWhereNullTap.INFO: PASSED [] []
[2014-05-27 01:52:54] UtilityCollectionTest::testGetWhereLikeTap.ALERT: Failed asserting that actual size 0 matches expected size 1. [] []
[2014-05-27 01:52:54] UtilityCollectionTest::testGetWhereLikeTap.INFO: # FAILED # [] []
[2014-05-27 01:52:54] UtilityCollectionTest::testGetWhereLikeTap.INFO: PASSED [] []
[2014-05-27 01:52:54] UtilityCollectionTest::testGetWhereNotTap.ALERT: Failed asserting that actual size 1 matches expected size 4. [] []
[2014-05-27 01:52:54] UtilityCollectionTest::testGetWhereNotTap.INFO: # FAILED # [] []
[2014-05-27 01:52:54] UtilityCollectionTest::testGetWhereNotTap.INFO: PASSED [] []
[2014-05-27 01:52:54] UtilityCollectionTest::testGetWhereNotInTap.ALERT: Failed asserting that actual size 0 matches expected size 2. [] []
[2014-05-27 01:52:54] UtilityCollectionTest::testGetWhereNotInTap.INFO: # FAILED # [] []
[2014-05-27 01:52:54] UtilityCollectionTest::testGetWhereNotInTap.INFO: PASSED [] []
[2014-05-27 01:52:54] UtilityCollectionTest::testGetWhereNotBetweenTap.ALERT: Failed asserting that actual size 0 matches expected size 1. [] []
[2014-05-27 01:52:54] UtilityCollectionTest::testGetWhereNotBetweenTap.INFO: # FAILED # [] []
[2014-05-27 01:52:54] UtilityCollectionTest::testGetWhereNotBetweenTap.INFO: PASSED [] []
[2014-05-27 01:52:54] UtilityCollectionTest::testGetWhereNotNullTap.INFO: # Incomplete # [] []
[2014-05-27 01:52:54] UtilityCollectionTest::testGetWhereNotNullTap.INFO: PASSED [] []
[2014-05-27 01:52:54] UtilityCollectionTest::testGetWhereNotLikeTap.ALERT: Failed asserting that actual size 0 matches expected size 4. [] []
[2014-05-27 01:52:54] UtilityCollectionTest::testGetWhereNotLikeTap.INFO: # FAILED # [] []
[2014-05-27 01:52:54] UtilityCollectionTest::testGetWhereNotLikeTap.INFO: PASSED [] []
[2014-05-27 01:52:54] UtilityCollectionTest::testGetWhereFirstTap.ALERT: Failed asserting that null is an instance of class "stdClass". [] []
[2014-05-27 01:52:54] UtilityCollectionTest::testGetWhereFirstTap.INFO: # FAILED # [] []
[2014-05-27 01:52:54] UtilityCollectionTest::testGetWhereFirstTap.INFO: PASSED [] []
[2014-05-27 01:52:54] UtilityCollectionTest::testGetWhereLastTap.ALERT: Failed asserting that null is an instance of class "stdClass". [] []
[2014-05-27 01:52:54] UtilityCollectionTest::testGetWhereLastTap.INFO: # FAILED # [] []
[2014-05-27 01:52:54] UtilityCollectionTest::testGetWhereLastTap.INFO: PASSED [] []
[2014-05-27 01:56:42] UtilityCollectionTest::testCreateCollection.INFO: PASSED [] []
[2014-05-27 01:56:42] UtilityCollectionTest::testGetWhere.INFO: PASSED [] []
[2014-05-27 01:56:42] UtilityCollectionTest::testGetWhereIn.INFO: PASSED [] []
[2014-05-27 01:56:42] UtilityCollectionTest::testGetWhereBetween.INFO: PASSED [] []
[2014-05-27 01:56:42] UtilityCollectionTest::testGetWhereNull.INFO: # Incomplete # [] []
[2014-05-27 01:56:42] UtilityCollectionTest::testGetWhereNull.INFO: PASSED [] []
[2014-05-27 01:56:42] UtilityCollectionTest::testGetWhereLike.INFO: PASSED [] []
[2014-05-27 01:56:42] UtilityCollectionTest::testGetWhereNot.INFO: PASSED [] []
[2014-05-27 01:56:42] UtilityCollectionTest::testGetWhereNotIn.INFO: PASSED [] []
[2014-05-27 01:56:42] UtilityCollectionTest::testGetWhereNotBetween.INFO: PASSED [] []
[2014-05-27 01:56:42] UtilityCollectionTest::testGetWhereNotNull.INFO: # Incomplete # [] []
[2014-05-27 01:56:42] UtilityCollectionTest::testGetWhereNotNull.INFO: PASSED [] []
[2014-05-27 01:56:43] UtilityCollectionTest::testGetWhereNotLike.INFO: PASSED [] []
[2014-05-27 01:56:43] UtilityCollectionTest::testGetWhereFirst.INFO: PASSED [] []
[2014-05-27 01:56:43] UtilityCollectionTest::testGetWhereLast.INFO: PASSED [] []
[2014-05-27 01:56:43] UtilityCollectionTest::testGetWhereTap.INFO: PASSED [] []
[2014-05-27 01:56:43] UtilityCollectionTest::testGetWhereInTap.ALERT: Failed asserting that actual size 0 matches expected size 2. [] []
[2014-05-27 01:56:43] UtilityCollectionTest::testGetWhereInTap.INFO: # FAILED # [] []
[2014-05-27 01:56:43] UtilityCollectionTest::testGetWhereInTap.INFO: PASSED [] []
[2014-05-27 01:56:43] UtilityCollectionTest::testGetWhereBetweenTap.ALERT: Failed asserting that actual size 0 matches expected size 3. [] []
[2014-05-27 01:56:43] UtilityCollectionTest::testGetWhereBetweenTap.INFO: # FAILED # [] []
[2014-05-27 01:56:43] UtilityCollectionTest::testGetWhereBetweenTap.INFO: PASSED [] []
[2014-05-27 01:56:43] UtilityCollectionTest::testGetWhereNullTap.INFO: # Incomplete # [] []
[2014-05-27 01:56:43] UtilityCollectionTest::testGetWhereNullTap.INFO: PASSED [] []
[2014-05-27 01:56:43] UtilityCollectionTest::testGetWhereLikeTap.ALERT: Failed asserting that actual size 0 matches expected size 1. [] []
[2014-05-27 01:56:43] UtilityCollectionTest::testGetWhereLikeTap.INFO: # FAILED # [] []
[2014-05-27 01:56:43] UtilityCollectionTest::testGetWhereLikeTap.INFO: PASSED [] []
[2014-05-27 01:56:43] UtilityCollectionTest::testGetWhereNotTap.ALERT: Failed asserting that actual size 1 matches expected size 4. [] []
[2014-05-27 01:56:43] UtilityCollectionTest::testGetWhereNotTap.INFO: # FAILED # [] []
[2014-05-27 01:56:43] UtilityCollectionTest::testGetWhereNotTap.INFO: PASSED [] []
[2014-05-27 01:56:43] UtilityCollectionTest::testGetWhereNotInTap.ALERT: Failed asserting that actual size 0 matches expected size 2. [] []
[2014-05-27 01:56:43] UtilityCollectionTest::testGetWhereNotInTap.INFO: # FAILED # [] []
[2014-05-27 01:56:43] UtilityCollectionTest::testGetWhereNotInTap.INFO: PASSED [] []
[2014-05-27 01:56:43] UtilityCollectionTest::testGetWhereNotBetweenTap.ALERT: Failed asserting that actual size 0 matches expected size 1. [] []
[2014-05-27 01:56:43] UtilityCollectionTest::testGetWhereNotBetweenTap.INFO: # FAILED # [] []
[2014-05-27 01:56:43] UtilityCollectionTest::testGetWhereNotBetweenTap.INFO: PASSED [] []
[2014-05-27 01:56:43] UtilityCollectionTest::testGetWhereNotNullTap.INFO: # Incomplete # [] []
[2014-05-27 01:56:43] UtilityCollectionTest::testGetWhereNotNullTap.INFO: PASSED [] []
[2014-05-27 01:56:43] UtilityCollectionTest::testGetWhereNotLikeTap.ALERT: Failed asserting that actual size 0 matches expected size 4. [] []
[2014-05-27 01:56:43] UtilityCollectionTest::testGetWhereNotLikeTap.INFO: # FAILED # [] []
[2014-05-27 01:56:43] UtilityCollectionTest::testGetWhereNotLikeTap.INFO: PASSED [] []
[2014-05-27 01:56:43] UtilityCollectionTest::testGetWhereFirstTap.ALERT: Failed asserting that null is an instance of class "stdClass". [] []
[2014-05-27 01:56:43] UtilityCollectionTest::testGetWhereFirstTap.INFO: # FAILED # [] []
[2014-05-27 01:56:43] UtilityCollectionTest::testGetWhereFirstTap.INFO: PASSED [] []
[2014-05-27 01:56:43] UtilityCollectionTest::testGetWhereLastTap.ALERT: Failed asserting that null is an instance of class "stdClass". [] []
[2014-05-27 01:56:43] UtilityCollectionTest::testGetWhereLastTap.INFO: # FAILED # [] []
[2014-05-27 01:56:43] UtilityCollectionTest::testGetWhereLastTap.INFO: PASSED [] []
