[2014-05-26 23:06:11] UtilityCollectionTest::testMe.INFO: PASSED [] []
[2014-05-26 18:20:06] UtilityCollectionTest::testMe.INFO: PASSED [] []
[2014-05-26 18:20:33] UtilityCollectionTest::testMe.INFO: PASSED [] []
[2014-05-26 18:20:47] UtilityCollectionTest::testMe.ALERT: Trying to get property of non-object [] []
[2014-05-26 18:20:47] UtilityCollectionTest::testMe.INFO: # ERROR # [] []
[2014-05-26 18:20:47] UtilityCollectionTest::testMe.INFO: PASSED [] []
[2014-05-26 18:21:48] UtilityCollectionTest::testMe.ALERT: Trying to get property of non-object [] []
[2014-05-26 18:21:48] UtilityCollectionTest::testMe.INFO: # ERROR # [] []
[2014-05-26 18:21:48] UtilityCollectionTest::testMe.INFO: PASSED [] []
[2014-05-26 18:22:45] UtilityCollectionTest::testMe.ALERT: Trying to get property of non-object [] []
[2014-05-26 18:22:45] UtilityCollectionTest::testMe.INFO: # ERROR # [] []
[2014-05-26 18:22:45] UtilityCollectionTest::testMe.INFO: PASSED [] []
[2014-05-26 18:22:50] UtilityCollectionTest::testMe.ALERT: Trying to get property of non-object [] []
[2014-05-26 18:22:50] UtilityCollectionTest::testMe.INFO: # ERROR # [] []
[2014-05-26 18:22:50] UtilityCollectionTest::testMe.INFO: PASSED [] []
[2014-05-26 18:24:14] UtilityCollectionTest::testMe.ALERT: Trying to get property of non-object [] []
[2014-05-26 18:24:14] UtilityCollectionTest::testMe.INFO: # ERROR # [] []
[2014-05-26 18:24:14] UtilityCollectionTest::testMe.INFO: PASSED [] []
[2014-05-26 18:24:34] UtilityCollectionTest::testCreateCollection.ALERT: Argument #1 (No Value) of PHPUnit_Framework_Assert::assertInstanceOf() must be a string [] []
[2014-05-26 18:24:34] UtilityCollectionTest::testCreateCollection.INFO: # ERROR # [] []
[2014-05-26 18:24:34] UtilityCollectionTest::testCreateCollection.INFO: PASSED [] []
[2014-05-26 18:24:34] UtilityCollectionTest::testMe.ALERT: Trying to get property of non-object [] []
[2014-05-26 18:24:34] UtilityCollectionTest::testMe.INFO: # ERROR # [] []
[2014-05-26 18:24:34] UtilityCollectionTest::testMe.INFO: PASSED [] []
[2014-05-26 18:25:32] UtilityCollectionTest::testCreateCollection.ALERT: Missing argument 2 for PHPUnit_Framework_Assert::assertInstanceOf(), called in /home/riddles/development/base/tests/unit/UtilityCollectionTest.php on line 35 and defined [] []
[2014-05-26 18:25:32] UtilityCollectionTest::testCreateCollection.INFO: # ERROR # [] []
[2014-05-26 18:25:32] UtilityCollectionTest::testCreateCollection.INFO: PASSED [] []
[2014-05-26 18:25:32] UtilityCollectionTest::testMe.ALERT: Trying to get property of non-object [] []
[2014-05-26 18:25:32] UtilityCollectionTest::testMe.INFO: # ERROR # [] []
[2014-05-26 18:25:32] UtilityCollectionTest::testMe.INFO: PASSED [] []
[2014-05-26 18:25:47] UtilityCollectionTest::testCreateCollection.ALERT: Undefined variable: colection [] []
[2014-05-26 18:25:47] UtilityCollectionTest::testCreateCollection.INFO: # ERROR # [] []
[2014-05-26 18:25:47] UtilityCollectionTest::testCreateCollection.INFO: PASSED [] []
[2014-05-26 18:25:47] UtilityCollectionTest::testMe.ALERT: Trying to get property of non-object [] []
[2014-05-26 18:25:47] UtilityCollectionTest::testMe.INFO: # ERROR # [] []
[2014-05-26 18:25:47] UtilityCollectionTest::testMe.INFO: PASSED [] []
[2014-05-26 18:25:59] UtilityCollectionTest::testCreateCollection.INFO: PASSED [] []
[2014-05-26 18:25:59] UtilityCollectionTest::testMe.ALERT: Trying to get property of non-object [] []
[2014-05-26 18:25:59] UtilityCollectionTest::testMe.INFO: # ERROR # [] []
[2014-05-26 18:25:59] UtilityCollectionTest::testMe.INFO: PASSED [] []
[2014-05-26 18:26:22] UtilityCollectionTest::testCreateCollection.INFO: PASSED [] []
[2014-05-26 18:26:22] UtilityCollectionTest::testGetWhere.ALERT: Trying to get property of non-object [] []
[2014-05-26 18:26:22] UtilityCollectionTest::testGetWhere.INFO: # ERROR # [] []
[2014-05-26 18:26:22] UtilityCollectionTest::testGetWhere.INFO: PASSED [] []
[2014-05-26 18:30:29] UtilityCollectionTest::testCreateCollection.ALERT: Undefined variable: data [] []
[2014-05-26 18:30:29] UtilityCollectionTest::testCreateCollection.INFO: # ERROR # [] []
[2014-05-26 18:30:29] UtilityCollectionTest::testCreateCollection.INFO: PASSED [] []
[2014-05-26 18:30:29] UtilityCollectionTest::testGetWhere.ALERT: Undefined variable: data [] []
[2014-05-26 18:30:29] UtilityCollectionTest::testGetWhere.INFO: # ERROR # [] []
[2014-05-26 18:30:29] UtilityCollectionTest::testGetWhere.INFO: PASSED [] []
[2014-05-26 18:30:39] UtilityCollectionTest::testCreateCollection.INFO: PASSED [] []
[2014-05-26 18:30:39] UtilityCollectionTest::testGetWhere.ALERT: Argument #1 (No Value) of PHPUnit_Framework_Assert::assertCount() must be a integer [] []
[2014-05-26 18:30:39] UtilityCollectionTest::testGetWhere.INFO: # ERROR # [] []
[2014-05-26 18:30:39] UtilityCollectionTest::testGetWhere.INFO: PASSED [] []
[2014-05-26 18:31:05] UtilityCollectionTest::testCreateCollection.INFO: PASSED [] []
[2014-05-26 18:31:05] UtilityCollectionTest::testGetWhere.ALERT: Argument #2 (No Value) of PHPUnit_Framework_Assert::assertCount() must be a countable [] []
[2014-05-26 18:31:05] UtilityCollectionTest::testGetWhere.INFO: # ERROR # [] []
[2014-05-26 18:31:05] UtilityCollectionTest::testGetWhere.INFO: PASSED [] []
[2014-05-26 18:31:10] UtilityCollectionTest::testCreateCollection.INFO: PASSED [] []
[2014-05-26 18:31:10] UtilityCollectionTest::testGetWhere.ALERT: Argument #2 (No Value) of PHPUnit_Framework_Assert::assertCount() must be a countable [] []
[2014-05-26 18:31:10] UtilityCollectionTest::testGetWhere.INFO: # ERROR # [] []
[2014-05-26 18:31:10] UtilityCollectionTest::testGetWhere.INFO: PASSED [] []
[2014-05-26 18:31:27] UtilityCollectionTest::testCreateCollection.INFO: PASSED [] []
[2014-05-26 18:31:27] UtilityCollectionTest::testGetWhere.ALERT: Undefined property: stdClass::$count [] []
[2014-05-26 18:31:27] UtilityCollectionTest::testGetWhere.INFO: # ERROR # [] []
[2014-05-26 18:31:27] UtilityCollectionTest::testGetWhere.INFO: PASSED [] []
[2014-05-26 18:31:43] UtilityCollectionTest::testCreateCollection.INFO: PASSED [] []
[2014-05-26 18:31:43] UtilityCollectionTest::testGetWhere.ALERT: Argument #2 (No Value) of PHPUnit_Framework_Assert::assertCount() must be a countable [] []
[2014-05-26 18:31:43] UtilityCollectionTest::testGetWhere.INFO: # ERROR # [] []
[2014-05-26 18:31:43] UtilityCollectionTest::testGetWhere.INFO: PASSED [] []
[2014-05-26 18:32:16] UtilityCollectionTest::testCreateCollection.INFO: PASSED [] []
[2014-05-26 18:32:16] UtilityCollectionTest::testGetWhere.INFO: PASSED [] []
[2014-05-26 18:33:49] UtilityCollectionTest::testCreateCollection.INFO: PASSED [] []
[2014-05-26 18:33:49] UtilityCollectionTest::testGetWhere.INFO: PASSED [] []
[2014-05-26 18:34:51] UtilityCollectionTest::testCreateCollection.INFO: PASSED [] []
[2014-05-26 18:34:51] UtilityCollectionTest::testGetWhere.INFO: PASSED [] []
[2014-05-26 18:34:51] UtilityCollectionTest::testGetWhereIn.INFO: PASSED [] []
[2014-05-26 18:35:31] UtilityCollectionTest::testCreateCollection.INFO: PASSED [] []
[2014-05-26 18:35:31] UtilityCollectionTest::testGetWhere.INFO: PASSED [] []
[2014-05-26 18:35:31] UtilityCollectionTest::testGetWhereIn.INFO: PASSED [] []
[2014-05-26 18:35:31] UtilityCollectionTest::testGetWhereBetween.ALERT: Failed asserting that actual size 2 matches expected size 3. [] []
[2014-05-26 18:35:31] UtilityCollectionTest::testGetWhereBetween.INFO: # FAILED # [] []
[2014-05-26 18:35:31] UtilityCollectionTest::testGetWhereBetween.INFO: PASSED [] []
[2014-05-26 18:35:54] UtilityCollectionTest::testCreateCollection.INFO: PASSED [] []
[2014-05-26 18:35:54] UtilityCollectionTest::testGetWhere.INFO: PASSED [] []
[2014-05-26 18:35:54] UtilityCollectionTest::testGetWhereIn.INFO: PASSED [] []
[2014-05-26 18:35:54] UtilityCollectionTest::testGetWhereBetween.ALERT: Failed asserting that actual size 2 matches expected size 3. [] []
[2014-05-26 18:35:54] UtilityCollectionTest::testGetWhereBetween.INFO: # FAILED # [] []
[2014-05-26 18:35:54] UtilityCollectionTest::testGetWhereBetween.INFO: PASSED [] []
[2014-05-26 18:36:04] UtilityCollectionTest::testCreateCollection.INFO: PASSED [] []
[2014-05-26 18:36:04] UtilityCollectionTest::testGetWhere.INFO: PASSED [] []
[2014-05-26 18:36:04] UtilityCollectionTest::testGetWhereIn.INFO: PASSED [] []
[2014-05-26 18:36:04] UtilityCollectionTest::testGetWhereBetween.ALERT: Failed asserting that actual size 2 matches expected size 3. [] []
[2014-05-26 18:36:04] UtilityCollectionTest::testGetWhereBetween.INFO: # FAILED # [] []
[2014-05-26 18:36:04] UtilityCollectionTest::testGetWhereBetween.INFO: PASSED [] []
[2014-05-26 18:36:14] UtilityCollectionTest::testCreateCollection.INFO: PASSED [] []
[2014-05-26 18:36:14] UtilityCollectionTest::testGetWhere.INFO: PASSED [] []
[2014-05-26 18:36:14] UtilityCollectionTest::testGetWhereIn.INFO: PASSED [] []
[2014-05-26 18:37:26] UtilityCollectionTest::testCreateCollection.INFO: PASSED [] []
[2014-05-26 18:37:26] UtilityCollectionTest::testGetWhere.INFO: PASSED [] []
[2014-05-26 18:37:26] UtilityCollectionTest::testGetWhereIn.INFO: PASSED [] []
[2014-05-26 18:37:58] UtilityCollectionTest::testCreateCollection.INFO: PASSED [] []
[2014-05-26 18:37:58] UtilityCollectionTest::testGetWhere.INFO: PASSED [] []
[2014-05-26 18:37:58] UtilityCollectionTest::testGetWhereIn.INFO: PASSED [] []
[2014-05-26 18:38:09] UtilityCollectionTest::testCreateCollection.INFO: PASSED [] []
[2014-05-26 18:38:09] UtilityCollectionTest::testGetWhere.INFO: PASSED [] []
[2014-05-26 18:38:09] UtilityCollectionTest::testGetWhereIn.INFO: PASSED [] []
[2014-05-26 18:39:12] UtilityCollectionTest::testCreateCollection.INFO: PASSED [] []
[2014-05-26 18:39:12] UtilityCollectionTest::testGetWhere.INFO: PASSED [] []
[2014-05-26 18:39:12] UtilityCollectionTest::testGetWhereIn.INFO: PASSED [] []
[2014-05-26 18:40:18] UtilityCollectionTest::testCreateCollection.INFO: PASSED [] []
[2014-05-26 18:40:18] UtilityCollectionTest::testGetWhere.INFO: PASSED [] []
[2014-05-26 18:40:18] UtilityCollectionTest::testGetWhereIn.INFO: PASSED [] []
[2014-05-26 18:40:44] UtilityCollectionTest::testCreateCollection.INFO: PASSED [] []
[2014-05-26 18:40:44] UtilityCollectionTest::testGetWhere.INFO: PASSED [] []
[2014-05-26 18:40:44] UtilityCollectionTest::testGetWhereIn.INFO: PASSED [] []
[2014-05-26 18:40:53] UtilityCollectionTest::testCreateCollection.INFO: PASSED [] []
[2014-05-26 18:40:53] UtilityCollectionTest::testGetWhere.INFO: PASSED [] []
[2014-05-26 18:40:53] UtilityCollectionTest::testGetWhereIn.INFO: PASSED [] []
[2014-05-26 18:40:53] UtilityCollectionTest::testGetWhereBetween.INFO: PASSED [] []
[2014-05-26 18:41:38] UtilityCollectionTest::testCreateCollection.INFO: PASSED [] []
[2014-05-26 18:41:38] UtilityCollectionTest::testGetWhere.INFO: PASSED [] []
[2014-05-26 18:41:38] UtilityCollectionTest::testGetWhereIn.INFO: PASSED [] []
[2014-05-26 18:41:38] UtilityCollectionTest::testGetWhereBetween.INFO: PASSED [] []
[2014-05-26 18:41:38] UtilityCollectionTest::testGetWhereNull.ALERT: Undefined offset: 1 [] []
[2014-05-26 18:41:38] UtilityCollectionTest::testGetWhereNull.INFO: # ERROR # [] []
[2014-05-26 18:41:38] UtilityCollectionTest::testGetWhereNull.INFO: PASSED [] []
[2014-05-26 18:44:24] UtilityCollectionTest::testCreateCollection.INFO: PASSED [] []
[2014-05-26 18:44:24] UtilityCollectionTest::testGetWhere.INFO: PASSED [] []
[2014-05-26 18:44:38] UtilityCollectionTest::testCreateCollection.INFO: PASSED [] []
[2014-05-26 18:44:38] UtilityCollectionTest::testGetWhere.INFO: PASSED [] []
[2014-05-26 18:44:53] UtilityCollectionTest::testCreateCollection.INFO: PASSED [] []
[2014-05-26 18:44:54] UtilityCollectionTest::testGetWhere.INFO: PASSED [] []
[2014-05-26 18:44:54] UtilityCollectionTest::testGetWhereIn.INFO: PASSED [] []
[2014-05-26 18:44:54] UtilityCollectionTest::testGetWhereBetween.INFO: PASSED [] []
[2014-05-26 18:44:54] UtilityCollectionTest::testGetWhereNull.ALERT: Failed asserting that actual size 0 matches expected size 1. [] []
[2014-05-26 18:44:54] UtilityCollectionTest::testGetWhereNull.INFO: # FAILED # [] []
[2014-05-26 18:44:54] UtilityCollectionTest::testGetWhereNull.INFO: PASSED [] []
[2014-05-26 18:45:52] UtilityCollectionTest::testCreateCollection.INFO: PASSED [] []
[2014-05-26 18:45:52] UtilityCollectionTest::testGetWhere.INFO: PASSED [] []
[2014-05-26 18:45:52] UtilityCollectionTest::testGetWhereIn.INFO: PASSED [] []
[2014-05-26 18:45:52] UtilityCollectionTest::testGetWhereBetween.INFO: PASSED [] []
[2014-05-26 18:45:52] UtilityCollectionTest::testGetWhereNull.ALERT: Failed asserting that actual size 0 matches expected size 1. [] []
[2014-05-26 18:45:52] UtilityCollectionTest::testGetWhereNull.INFO: # FAILED # [] []
[2014-05-26 18:45:52] UtilityCollectionTest::testGetWhereNull.INFO: PASSED [] []
[2014-05-26 18:45:59] UtilityCollectionTest::testCreateCollection.INFO: PASSED [] []
[2014-05-26 18:45:59] UtilityCollectionTest::testGetWhere.INFO: PASSED [] []
[2014-05-26 18:45:59] UtilityCollectionTest::testGetWhereIn.INFO: PASSED [] []
[2014-05-26 18:45:59] UtilityCollectionTest::testGetWhereBetween.INFO: PASSED [] []
[2014-05-26 18:46:00] UtilityCollectionTest::testGetWhereNull.ALERT: Failed asserting that actual size 4 matches expected size 1. [] []
[2014-05-26 18:46:00] UtilityCollectionTest::testGetWhereNull.INFO: # FAILED # [] []
[2014-05-26 18:46:00] UtilityCollectionTest::testGetWhereNull.INFO: PASSED [] []
[2014-05-26 18:46:47] UtilityCollectionTest::testCreateCollection.INFO: PASSED [] []
[2014-05-26 18:46:47] UtilityCollectionTest::testGetWhere.INFO: PASSED [] []
[2014-05-26 18:46:47] UtilityCollectionTest::testGetWhereIn.INFO: PASSED [] []
[2014-05-26 18:46:47] UtilityCollectionTest::testGetWhereBetween.INFO: PASSED [] []
[2014-05-26 18:48:18] UtilityCollectionTest::testCreateCollection.INFO: PASSED [] []
[2014-05-26 18:48:18] UtilityCollectionTest::testGetWhere.INFO: PASSED [] []
[2014-05-26 18:48:18] UtilityCollectionTest::testGetWhereIn.INFO: PASSED [] []
[2014-05-26 18:48:18] UtilityCollectionTest::testGetWhereBetween.INFO: PASSED [] []
[2014-05-26 18:48:18] UtilityCollectionTest::testGetWhereNull.ALERT: Failed asserting that actual size 0 matches expected size 1. [] []
[2014-05-26 18:48:18] UtilityCollectionTest::testGetWhereNull.INFO: # FAILED # [] []
[2014-05-26 18:48:18] UtilityCollectionTest::testGetWhereNull.INFO: PASSED [] []
[2014-05-26 18:49:45] UtilityCollectionTest::testCreateCollection.INFO: PASSED [] []
[2014-05-26 18:49:45] UtilityCollectionTest::testGetWhere.INFO: PASSED [] []
[2014-05-26 18:49:45] UtilityCollectionTest::testGetWhereIn.INFO: PASSED [] []
[2014-05-26 18:49:46] UtilityCollectionTest::testGetWhereBetween.INFO: PASSED [] []
[2014-05-26 18:49:46] UtilityCollectionTest::testGetWhereNull.ALERT: Failed asserting that actual size 0 matches expected size 1. [] []
[2014-05-26 18:49:46] UtilityCollectionTest::testGetWhereNull.INFO: # FAILED # [] []
[2014-05-26 18:49:46] UtilityCollectionTest::testGetWhereNull.INFO: PASSED [] []
[2014-05-26 18:50:11] UtilityCollectionTest::testCreateCollection.INFO: PASSED [] []
[2014-05-26 18:50:11] UtilityCollectionTest::testGetWhere.INFO: PASSED [] []
[2014-05-26 18:50:11] UtilityCollectionTest::testGetWhereIn.INFO: PASSED [] []
[2014-05-26 18:50:11] UtilityCollectionTest::testGetWhereBetween.INFO: PASSED [] []
[2014-05-26 18:50:11] UtilityCollectionTest::testGetWhereNull.ALERT: Failed asserting that actual size 0 matches expected size 1. [] []
[2014-05-26 18:50:11] UtilityCollectionTest::testGetWhereNull.INFO: # FAILED # [] []
[2014-05-26 18:50:11] UtilityCollectionTest::testGetWhereNull.INFO: PASSED [] []
[2014-05-26 18:50:22] UtilityCollectionTest::testCreateCollection.INFO: PASSED [] []
[2014-05-26 18:50:22] UtilityCollectionTest::testGetWhere.INFO: PASSED [] []
[2014-05-26 18:50:22] UtilityCollectionTest::testGetWhereIn.INFO: PASSED [] []
[2014-05-26 18:50:22] UtilityCollectionTest::testGetWhereBetween.INFO: PASSED [] []
[2014-05-26 18:51:01] UtilityCollectionTest::testCreateCollection.INFO: PASSED [] []
[2014-05-26 18:51:01] UtilityCollectionTest::testGetWhere.INFO: PASSED [] []
[2014-05-26 18:51:01] UtilityCollectionTest::testGetWhereIn.INFO: PASSED [] []
[2014-05-26 18:51:01] UtilityCollectionTest::testGetWhereBetween.INFO: PASSED [] []
[2014-05-26 18:51:08] UtilityCollectionTest::testCreateCollection.INFO: PASSED [] []
[2014-05-26 18:51:08] UtilityCollectionTest::testGetWhere.INFO: PASSED [] []
[2014-05-26 18:51:08] UtilityCollectionTest::testGetWhereIn.INFO: PASSED [] []
[2014-05-26 18:51:08] UtilityCollectionTest::testGetWhereBetween.INFO: PASSED [] []
[2014-05-26 18:51:08] UtilityCollectionTest::testGetWhereNull.ALERT: Failed asserting that actual size 4 matches expected size 1. [] []
[2014-05-26 18:51:08] UtilityCollectionTest::testGetWhereNull.INFO: # FAILED # [] []
[2014-05-26 18:51:08] UtilityCollectionTest::testGetWhereNull.INFO: PASSED [] []
[2014-05-26 18:51:29] UtilityCollectionTest::testCreateCollection.INFO: PASSED [] []
[2014-05-26 18:51:29] UtilityCollectionTest::testGetWhere.INFO: PASSED [] []
[2014-05-26 18:51:29] UtilityCollectionTest::testGetWhereIn.INFO: PASSED [] []
[2014-05-26 18:51:29] UtilityCollectionTest::testGetWhereBetween.INFO: PASSED [] []
[2014-05-26 18:51:29] UtilityCollectionTest::testGetWhereNull.ALERT: Failed asserting that actual size 4 matches expected size 1. [] []
[2014-05-26 18:51:29] UtilityCollectionTest::testGetWhereNull.INFO: # FAILED # [] []
[2014-05-26 18:51:29] UtilityCollectionTest::testGetWhereNull.INFO: PASSED [] []
[2014-05-26 18:51:32] UtilityCollectionTest::testCreateCollection.INFO: PASSED [] []
[2014-05-26 18:51:32] UtilityCollectionTest::testGetWhere.INFO: PASSED [] []
[2014-05-26 18:51:32] UtilityCollectionTest::testGetWhereIn.INFO: PASSED [] []
[2014-05-26 18:51:32] UtilityCollectionTest::testGetWhereBetween.INFO: PASSED [] []
[2014-05-26 18:51:32] UtilityCollectionTest::testGetWhereNull.ALERT: Failed asserting that actual size 4 matches expected size 1. [] []
[2014-05-26 18:51:32] UtilityCollectionTest::testGetWhereNull.INFO: # FAILED # [] []
[2014-05-26 18:51:32] UtilityCollectionTest::testGetWhereNull.INFO: PASSED [] []
[2014-05-26 18:52:31] UtilityCollectionTest::testCreateCollection.INFO: PASSED [] []
[2014-05-26 18:52:31] UtilityCollectionTest::testGetWhere.INFO: PASSED [] []
[2014-05-26 18:52:31] UtilityCollectionTest::testGetWhereIn.INFO: PASSED [] []
[2014-05-26 18:52:32] UtilityCollectionTest::testGetWhereBetween.INFO: PASSED [] []
[2014-05-26 18:52:32] UtilityCollectionTest::testGetWhereNull.ALERT: Failed asserting that actual size 4 matches expected size 1. [] []
[2014-05-26 18:52:32] UtilityCollectionTest::testGetWhereNull.INFO: # FAILED # [] []
[2014-05-26 18:52:32] UtilityCollectionTest::testGetWhereNull.INFO: PASSED [] []
[2014-05-26 18:52:40] UtilityCollectionTest::testCreateCollection.INFO: PASSED [] []
[2014-05-26 18:52:40] UtilityCollectionTest::testGetWhere.INFO: PASSED [] []
[2014-05-26 18:52:41] UtilityCollectionTest::testGetWhereIn.INFO: PASSED [] []
[2014-05-26 18:52:41] UtilityCollectionTest::testGetWhereBetween.INFO: PASSED [] []
[2014-05-26 18:53:08] UtilityCollectionTest::testCreateCollection.INFO: PASSED [] []
[2014-05-26 18:53:08] UtilityCollectionTest::testGetWhere.INFO: PASSED [] []
[2014-05-26 18:53:08] UtilityCollectionTest::testGetWhereIn.INFO: PASSED [] []
[2014-05-26 18:53:08] UtilityCollectionTest::testGetWhereBetween.INFO: PASSED [] []
[2014-05-26 18:54:08] UtilityCollectionTest::testCreateCollection.INFO: PASSED [] []
[2014-05-26 18:54:08] UtilityCollectionTest::testGetWhere.INFO: PASSED [] []
[2014-05-26 18:54:08] UtilityCollectionTest::testGetWhereIn.INFO: PASSED [] []
[2014-05-26 18:54:08] UtilityCollectionTest::testGetWhereBetween.INFO: PASSED [] []
[2014-05-26 18:54:08] UtilityCollectionTest::testGetWhereNull.ALERT: Failed asserting that actual size 0 matches expected size 1. [] []
[2014-05-26 18:54:08] UtilityCollectionTest::testGetWhereNull.INFO: # FAILED # [] []
[2014-05-26 18:54:08] UtilityCollectionTest::testGetWhereNull.INFO: PASSED [] []
[2014-05-26 18:54:52] UtilityCollectionTest::testCreateCollection.INFO: PASSED [] []
[2014-05-26 18:54:52] UtilityCollectionTest::testGetWhere.INFO: PASSED [] []
[2014-05-26 18:54:52] UtilityCollectionTest::testGetWhereIn.INFO: PASSED [] []
[2014-05-26 18:54:52] UtilityCollectionTest::testGetWhereBetween.INFO: PASSED [] []
[2014-05-26 18:54:52] UtilityCollectionTest::testGetWhereNull.ALERT: Failed asserting that actual size 4 matches expected size 1. [] []
[2014-05-26 18:54:52] UtilityCollectionTest::testGetWhereNull.INFO: # FAILED # [] []
[2014-05-26 18:54:52] UtilityCollectionTest::testGetWhereNull.INFO: PASSED [] []
[2014-05-26 18:54:53] UtilityCollectionTest::testCreateCollection.INFO: PASSED [] []
[2014-05-26 18:54:53] UtilityCollectionTest::testGetWhere.INFO: PASSED [] []
[2014-05-26 18:54:53] UtilityCollectionTest::testGetWhereIn.INFO: PASSED [] []
[2014-05-26 18:54:53] UtilityCollectionTest::testGetWhereBetween.INFO: PASSED [] []
[2014-05-26 18:54:53] UtilityCollectionTest::testGetWhereNull.ALERT: Failed asserting that actual size 4 matches expected size 1. [] []
[2014-05-26 18:54:53] UtilityCollectionTest::testGetWhereNull.INFO: # FAILED # [] []
[2014-05-26 18:54:53] UtilityCollectionTest::testGetWhereNull.INFO: PASSED [] []
[2014-05-26 18:55:39] UtilityCollectionTest::testCreateCollection.INFO: PASSED [] []
[2014-05-26 18:55:39] UtilityCollectionTest::testGetWhere.INFO: PASSED [] []
[2014-05-26 18:55:39] UtilityCollectionTest::testGetWhereIn.INFO: PASSED [] []
[2014-05-26 18:55:39] UtilityCollectionTest::testGetWhereBetween.INFO: PASSED [] []
[2014-05-26 18:55:39] UtilityCollectionTest::testGetWhereNull.ALERT: Failed asserting that actual size 0 matches expected size 1. [] []
[2014-05-26 18:55:39] UtilityCollectionTest::testGetWhereNull.INFO: # FAILED # [] []
[2014-05-26 18:55:39] UtilityCollectionTest::testGetWhereNull.INFO: PASSED [] []
[2014-05-26 18:55:41] UtilityCollectionTest::testCreateCollection.INFO: PASSED [] []
[2014-05-26 18:55:41] UtilityCollectionTest::testGetWhere.INFO: PASSED [] []
[2014-05-26 18:55:41] UtilityCollectionTest::testGetWhereIn.INFO: PASSED [] []
[2014-05-26 18:55:41] UtilityCollectionTest::testGetWhereBetween.INFO: PASSED [] []
[2014-05-26 18:55:41] UtilityCollectionTest::testGetWhereNull.ALERT: Failed asserting that actual size 0 matches expected size 1. [] []
[2014-05-26 18:55:41] UtilityCollectionTest::testGetWhereNull.INFO: # FAILED # [] []
[2014-05-26 18:55:41] UtilityCollectionTest::testGetWhereNull.INFO: PASSED [] []
[2014-05-26 18:58:59] UtilityCollectionTest::testCreateCollection.INFO: PASSED [] []
[2014-05-26 18:58:59] UtilityCollectionTest::testGetWhere.INFO: PASSED [] []
[2014-05-26 18:59:00] UtilityCollectionTest::testGetWhereIn.INFO: PASSED [] []
[2014-05-26 18:59:00] UtilityCollectionTest::testGetWhereBetween.INFO: PASSED [] []
[2014-05-26 18:59:00] UtilityCollectionTest::testGetWhereNull.ALERT: Failed asserting that actual size 0 matches expected size 1. [] []
[2014-05-26 18:59:00] UtilityCollectionTest::testGetWhereNull.INFO: # FAILED # [] []
[2014-05-26 18:59:00] UtilityCollectionTest::testGetWhereNull.INFO: PASSED [] []
[2014-05-26 18:59:16] UtilityCollectionTest::testCreateCollection.INFO: PASSED [] []
[2014-05-26 18:59:16] UtilityCollectionTest::testGetWhere.INFO: PASSED [] []
[2014-05-26 18:59:16] UtilityCollectionTest::testGetWhereIn.INFO: PASSED [] []
[2014-05-26 18:59:16] UtilityCollectionTest::testGetWhereBetween.INFO: PASSED [] []
[2014-05-26 18:59:16] UtilityCollectionTest::testGetWhereNull.ALERT: Failed asserting that actual size 0 matches expected size 1. [] []
[2014-05-26 18:59:16] UtilityCollectionTest::testGetWhereNull.INFO: # FAILED # [] []
[2014-05-26 18:59:16] UtilityCollectionTest::testGetWhereNull.INFO: PASSED [] []
